Started GET "/" for ::1 at 2022-12-08 12:31:43 +0100
  [1m[35m (32.6ms)[0m  [1m[34mSELECT sqlite_version(*)[0m
Processing by Rails::WelcomeController#index as HTML
  Rendering C:/Ruby30-x64/lib/ruby/gems/3.0.0/gems/railties-6.1.7/lib/rails/templates/rails/welcome/index.html.erb
  Rendered C:/Ruby30-x64/lib/ruby/gems/3.0.0/gems/railties-6.1.7/lib/rails/templates/rails/welcome/index.html.erb (Duration: 82.4ms | Allocations: 546)
Completed 200 OK in 515ms (Views: 218.1ms | ActiveRecord: 0.0ms | Allocations: 7104)


Started GET "/" for ::1 at 2022-12-08 12:31:52 +0100
Processing by Rails::WelcomeController#index as HTML
  Rendering C:/Ruby30-x64/lib/ruby/gems/3.0.0/gems/railties-6.1.7/lib/rails/templates/rails/welcome/index.html.erb
  Rendered C:/Ruby30-x64/lib/ruby/gems/3.0.0/gems/railties-6.1.7/lib/rails/templates/rails/welcome/index.html.erb (Duration: 12.6ms | Allocations: 223)
Completed 200 OK in 35ms (Views: 26.4ms | ActiveRecord: 0.0ms | Allocations: 3598)


Started GET "/" for ::1 at 2022-12-08 12:31:54 +0100
Processing by Rails::WelcomeController#index as HTML
  Rendering C:/Ruby30-x64/lib/ruby/gems/3.0.0/gems/railties-6.1.7/lib/rails/templates/rails/welcome/index.html.erb
  Rendered C:/Ruby30-x64/lib/ruby/gems/3.0.0/gems/railties-6.1.7/lib/rails/templates/rails/welcome/index.html.erb (Duration: 0.5ms | Allocations: 47)
Completed 200 OK in 13ms (Views: 7.9ms | ActiveRecord: 0.0ms | Allocations: 3053)


Started GET "/" for ::1 at 2022-12-08 12:31:54 +0100
Processing by Rails::WelcomeController#index as HTML
  Rendering C:/Ruby30-x64/lib/ruby/gems/3.0.0/gems/railties-6.1.7/lib/rails/templates/rails/welcome/index.html.erb
  Rendered C:/Ruby30-x64/lib/ruby/gems/3.0.0/gems/railties-6.1.7/lib/rails/templates/rails/welcome/index.html.erb (Duration: 0.4ms | Allocations: 47)
Completed 200 OK in 11ms (Views: 7.7ms | ActiveRecord: 0.0ms | Allocations: 3051)


  [1m[35m (7.7ms)[0m  [1m[34mSELECT sqlite_version(*)[0m
  [1m[35m (8.0ms)[0m  [1m[34mSELECT sqlite_version(*)[0m
  [1m[35m (25.8ms)[0m  [1m[35mCREATE TABLE "schema_migrations" ("version" varchar NOT NULL PRIMARY KEY)[0m
  [1m[35m (13.6ms)[0m  [1m[35mCREATE TABLE "ar_internal_metadata" ("key" varchar NOT NULL PRIMARY KEY, "value" varchar, "created_at" datetime(6) NOT NULL, "updated_at" datetime(6) NOT NULL)[0m
  [1m[35m (0.6ms)[0m  [1m[34mSELECT "schema_migrations"."version" FROM "schema_migrations" ORDER BY "schema_migrations"."version" ASC[0m
Migrating to CreateRovers (20221208113519)
  [1m[36mTRANSACTION (0.1ms)[0m  [1m[36mbegin transaction[0m
  [1m[35m (2.3ms)[0m  [1m[35mCREATE TABLE "rovers" ("id" integer PRIMARY KEY AUTOINCREMENT NOT NULL, "puntoPartenzaX" float, "puntoPartenzaY" float, "direzioneN" float, "direzioneS" float, "direzioneE" float, "direzioneW" float, "created_at" datetime(6) NOT NULL, "updated_at" datetime(6) NOT NULL)[0m
  [1m[36mActiveRecord::SchemaMigration Create (0.3ms)[0m  [1m[32mINSERT INTO "schema_migrations" ("version") VALUES (?)[0m  [["version", "20221208113519"]]
  [1m[36mTRANSACTION (13.2ms)[0m  [1m[36mcommit transaction[0m
  [1m[36mActiveRecord::InternalMetadata Load (0.3ms)[0m  [1m[34mSELECT "ar_internal_metadata".* FROM "ar_internal_metadata" WHERE "ar_internal_metadata"."key" = ? LIMIT ?[0m  [["key", "environment"], ["LIMIT", 1]]
  [1m[36mTRANSACTION (0.1ms)[0m  [1m[36mbegin transaction[0m
  [1m[36mActiveRecord::InternalMetadata Create (2.4ms)[0m  [1m[32mINSERT INTO "ar_internal_metadata" ("key", "value", "created_at", "updated_at") VALUES (?, ?, ?, ?)[0m  [["key", "environment"], ["value", "development"], ["created_at", "2022-12-08 11:41:05.950381"], ["updated_at", "2022-12-08 11:41:05.950381"]]
  [1m[36mTRANSACTION (10.9ms)[0m  [1m[36mcommit transaction[0m
  [1m[35m (0.1ms)[0m  [1m[34mSELECT sqlite_version(*)[0m
  [1m[35m (0.4ms)[0m  [1m[34mSELECT "schema_migrations"."version" FROM "schema_migrations" ORDER BY "schema_migrations"."version" ASC[0m
Started GET "/rovers" for ::1 at 2022-12-08 12:41:38 +0100
  [1m[35m (3.1ms)[0m  [1m[34mSELECT sqlite_version(*)[0m
  [1m[35m (0.2ms)[0m  [1m[34mSELECT "schema_migrations"."version" FROM "schema_migrations" ORDER BY "schema_migrations"."version" ASC[0m
Processing by RoversController#index as HTML
  Rendering layout layouts/application.html.erb
  Rendering rovers/index.html.erb within layouts/application
  [1m[36mRover Load (0.2ms)[0m  [1m[34mSELECT "rovers".* FROM "rovers"[0m
  ↳ app/views/rovers/index.html.erb:19
  Rendered rovers/index.html.erb within layouts/application (Duration: 10.9ms | Allocations: 1456)
[Webpacker] Compiling...
[Webpacker] Compiled all packs in C:/Users/alessandro.lumaca/API/AppGenerateRoverDatas/public/packs
[Webpacker] Hash: 804a8059a304061a3e74
Version: webpack 4.46.0
Time: 4760ms
Built at: 08/12/2022 12:41:53
                                     Asset       Size       Chunks                         Chunk Names
    js/application-271cf8931bb708d2d8bb.js    121 KiB  application  [emitted] [immutable]  application
js/application-271cf8931bb708d2d8bb.js.map    133 KiB  application  [emitted] [dev]        application
                             manifest.json  364 bytes               [emitted]              
Entrypoint application = js/application-271cf8931bb708d2d8bb.js js/application-271cf8931bb708d2d8bb.js.map
[./app/javascript/channels sync recursive _channel\.js$] ./app/javascript/channels sync _channel\.js$ 160 bytes {application} [built]
[./app/javascript/channels/index.js] 211 bytes {application} [built]
[./app/javascript/packs/application.js] 493 bytes {application} [built]
    + 3 hidden modules

  Rendered layout layouts/application.html.erb (Duration: 14586.5ms | Allocations: 20099)
Completed 200 OK in 14657ms (Views: 14603.7ms | ActiveRecord: 0.2ms | Allocations: 26427)


Started GET "/rovers/new" for ::1 at 2022-12-08 12:42:00 +0100
Processing by RoversController#new as HTML
  Rendering layout layouts/application.html.erb
  Rendering rovers/new.html.erb within layouts/application
  Rendered rovers/_form.html.erb (Duration: 159.0ms | Allocations: 6309)
  Rendered rovers/new.html.erb within layouts/application (Duration: 164.1ms | Allocations: 6691)
[Webpacker] Everything's up-to-date. Nothing to do
  Rendered layout layouts/application.html.erb (Duration: 229.7ms | Allocations: 10270)
Completed 200 OK in 241ms (Views: 230.8ms | ActiveRecord: 1.4ms | Allocations: 15693)


Started POST "/rovers" for ::1 at 2022-12-08 12:42:21 +0100
Processing by RoversController#create as HTML
  Parameters: {"authenticity_token"=>"[FILTERED]", "rover"=>{"puntoPartenzaX"=>"2.9", "puntoPartenzaY"=>"4", "direzioneN"=>"2", "direzioneS"=>"88", "direzioneE"=>"5", "direzioneW"=>"54.771"}, "commit"=>"Create Rover"}
  [1m[36mTRANSACTION (0.0ms)[0m  [1m[36mbegin transaction[0m
  ↳ app/controllers/rovers_controller.rb:27:in `block in create'
  [1m[36mRover Create (6.5ms)[0m  [1m[32mINSERT INTO "rovers" ("puntoPartenzaX", "puntoPartenzaY", "direzioneN", "direzioneS", "direzioneE", "direzioneW", "created_at", "updated_at") VALUES (?, ?, ?, ?, ?, ?, ?, ?)[0m  [["puntoPartenzaX", 2.9], ["puntoPartenzaY", 4.0], ["direzioneN", 2.0], ["direzioneS", 88.0], ["direzioneE", 5.0], ["direzioneW", 54.771], ["created_at", "2022-12-08 11:42:21.486308"], ["updated_at", "2022-12-08 11:42:21.486308"]]
  ↳ app/controllers/rovers_controller.rb:27:in `block in create'
  [1m[36mTRANSACTION (13.7ms)[0m  [1m[36mcommit transaction[0m
  ↳ app/controllers/rovers_controller.rb:27:in `block in create'
Redirected to http://localhost:3000/rovers/1
Completed 302 Found in 43ms (ActiveRecord: 20.3ms | Allocations: 3301)


Started GET "/rovers/1" for ::1 at 2022-12-08 12:42:21 +0100
Processing by RoversController#show as HTML
  Parameters: {"id"=>"1"}
  [1m[36mRover Load (0.2ms)[0m  [1m[34mSELECT "rovers".* FROM "rovers" WHERE "rovers"."id" = ? LIMIT ?[0m  [["id", 1], ["LIMIT", 1]]
  ↳ app/controllers/rovers_controller.rb:63:in `set_rover'
  Rendering layout layouts/application.html.erb
  Rendering rovers/show.html.erb within layouts/application
  Rendered rovers/show.html.erb within layouts/application (Duration: 3.2ms | Allocations: 396)
[Webpacker] Everything's up-to-date. Nothing to do
  Rendered layout layouts/application.html.erb (Duration: 96.2ms | Allocations: 3946)
Completed 200 OK in 110ms (Views: 98.0ms | ActiveRecord: 0.2ms | Allocations: 5669)


Started GET "/rovers/" for ::1 at 2022-12-08 12:42:30 +0100
Processing by RoversController#index as HTML
  Rendering layout layouts/application.html.erb
  Rendering rovers/index.html.erb within layouts/application
  [1m[36mRover Load (0.3ms)[0m  [1m[34mSELECT "rovers".* FROM "rovers"[0m
  ↳ app/views/rovers/index.html.erb:19
  Rendered rovers/index.html.erb within layouts/application (Duration: 4.1ms | Allocations: 899)
[Webpacker] Everything's up-to-date. Nothing to do
  Rendered layout layouts/application.html.erb (Duration: 63.1ms | Allocations: 4445)
Completed 200 OK in 66ms (Views: 65.5ms | ActiveRecord: 0.3ms | Allocations: 4908)


Started GET "/rovers" for ::1 at 2022-12-08 18:19:05 +0100
  [1m[35m (8.3ms)[0m  [1m[34mSELECT sqlite_version(*)[0m
  [1m[35m (0.2ms)[0m  [1m[34mSELECT "schema_migrations"."version" FROM "schema_migrations" ORDER BY "schema_migrations"."version" ASC[0m
Processing by RoversController#index as HTML
  Rendering layout layouts/application.html.erb
  Rendering rovers/index.html.erb within layouts/application
  [1m[36mRover Load (0.2ms)[0m  [1m[34mSELECT "rovers".* FROM "rovers"[0m
  ↳ app/views/rovers/index.html.erb:19
  Rendered rovers/index.html.erb within layouts/application (Duration: 19.2ms | Allocations: 6536)
[Webpacker] Everything's up-to-date. Nothing to do
  Rendered layout layouts/application.html.erb (Duration: 288.6ms | Allocations: 13122)
Completed 200 OK in 369ms (Views: 314.7ms | ActiveRecord: 0.9ms | Allocations: 16697)


Started GET "/api/v1/rovers" for ::1 at 2022-12-08 18:19:18 +0100
  
ActionController::RoutingError (uninitialized constant Api
Did you mean?  API):
  
Started GET "/rails/info/routes?path=a" for ::1 at 2022-12-08 18:19:22 +0100
Processing by Rails::InfoController#routes as */*
  Parameters: {"path"=>"a"}
Completed 200 OK in 2ms (Views: 0.4ms | ActiveRecord: 0.0ms | Allocations: 2922)


Started GET "/rails/info/routes?path=api" for ::1 at 2022-12-08 18:19:26 +0100
Processing by Rails::InfoController#routes as */*
  Parameters: {"path"=>"api"}
Completed 200 OK in 1ms (Views: 0.2ms | ActiveRecord: 0.0ms | Allocations: 1090)


Started GET "/api/v1/rovers" for ::1 at 2022-12-08 18:21:31 +0100
  
ActionController::RoutingError (uninitialized constant Api
Did you mean?  API):
  
Started GET "/api/v1/rovers" for ::1 at 2022-12-08 18:21:35 +0100
  
ActionController::RoutingError (uninitialized constant Api
Did you mean?  API):
  
Started PUT "/__web_console/repl_sessions/42ffd69494f09266b133e27c63944f02" for ::1 at 2022-12-08 18:21:46 +0100
Started PUT "/__web_console/repl_sessions/42ffd69494f09266b133e27c63944f02" for ::1 at 2022-12-08 18:21:49 +0100
Started PUT "/__web_console/repl_sessions/42ffd69494f09266b133e27c63944f02" for ::1 at 2022-12-08 18:21:50 +0100
  [1m[35m (0.0ms)[0m  [1m[34mSELECT sqlite_version(*)[0m
  [1m[36mRover Load (0.4ms)[0m  [1m[34mSELECT "rovers".* FROM "rovers" /* loading for inspect */ LIMIT ?[0m  [["LIMIT", 11]]
Started PUT "/__web_console/repl_sessions/42ffd69494f09266b133e27c63944f02" for ::1 at 2022-12-08 18:21:58 +0100
Started PUT "/__web_console/repl_sessions/42ffd69494f09266b133e27c63944f02" for ::1 at 2022-12-08 18:22:09 +0100
Started PUT "/__web_console/repl_sessions/42ffd69494f09266b133e27c63944f02" for ::1 at 2022-12-08 18:22:16 +0100
Started GET "/api/v1/rovers" for ::1 at 2022-12-08 18:23:05 +0100
  
ActionController::RoutingError (uninitialized constant Api
Did you mean?  API):
  
Started GET "/api/v1/rovers" for ::1 at 2022-12-08 18:23:12 +0100
  
ActionController::RoutingError (uninitialized constant Api
Did you mean?  API):
  
Started GET "/api/v1/rovers" for ::1 at 2022-12-08 18:23:38 +0100
  [1m[35m (2.3ms)[0m  [1m[34mSELECT sqlite_version(*)[0m
  [1m[35m (0.2ms)[0m  [1m[34mSELECT "schema_migrations"."version" FROM "schema_migrations" ORDER BY "schema_migrations"."version" ASC[0m
  
ActionController::RoutingError (uninitialized constant Api
Did you mean?  API):
  
Started GET "/rails/info/routes?path=a" for ::1 at 2022-12-08 18:24:41 +0100
Processing by Rails::InfoController#routes as */*
  Parameters: {"path"=>"a"}
Completed 200 OK in 12ms (Views: 0.3ms | ActiveRecord: 0.0ms | Allocations: 3966)


Started GET "/rails/info/routes?path=ap" for ::1 at 2022-12-08 18:24:41 +0100
Processing by Rails::InfoController#routes as */*
  Parameters: {"path"=>"ap"}
Completed 200 OK in 1ms (Views: 0.2ms | ActiveRecord: 0.0ms | Allocations: 1091)


Started GET "/rails/info/routes?path=api" for ::1 at 2022-12-08 18:24:42 +0100
Processing by Rails::InfoController#routes as */*
  Parameters: {"path"=>"api"}
Completed 200 OK in 1ms (Views: 0.2ms | ActiveRecord: 0.0ms | Allocations: 1089)


Started GET "/rovers" for ::1 at 2022-12-08 18:28:52 +0100
  [1m[35m (6.2ms)[0m  [1m[34mSELECT sqlite_version(*)[0m
  [1m[35m (0.2ms)[0m  [1m[34mSELECT "schema_migrations"."version" FROM "schema_migrations" ORDER BY "schema_migrations"."version" ASC[0m
Processing by RoversController#index as HTML
  Rendering layout layouts/application.html.erb
  Rendering rovers/index.html.erb within layouts/application
  [1m[36mRover Load (0.3ms)[0m  [1m[34mSELECT "rovers".* FROM "rovers"[0m
  ↳ app/views/rovers/index.html.erb:19
  Rendered rovers/index.html.erb within layouts/application (Duration: 18.9ms | Allocations: 6534)
[Webpacker] Everything's up-to-date. Nothing to do
  Rendered layout layouts/application.html.erb (Duration: 182.1ms | Allocations: 13114)
Completed 200 OK in 253ms (Views: 206.0ms | ActiveRecord: 1.1ms | Allocations: 16689)


Started GET "/api/v1/rovers" for ::1 at 2022-12-08 18:29:03 +0100
Processing by Api::V1::RoversController#index as HTML
  [1m[36mRover Load (0.2ms)[0m  [1m[34mSELECT "rovers".* FROM "rovers"[0m
  ↳ app/controllers/api/v1/rovers_controller.rb:5:in `index'
Completed 200 OK in 5ms (Views: 4.7ms | ActiveRecord: 0.2ms | Allocations: 1379)


Started GET "/api/v1/rovers" for ::1 at 2022-12-08 18:29:04 +0100
Processing by Api::V1::RoversController#index as HTML
  [1m[36mRover Load (0.3ms)[0m  [1m[34mSELECT "rovers".* FROM "rovers"[0m
  ↳ app/controllers/api/v1/rovers_controller.rb:5:in `index'
Completed 200 OK in 6ms (Views: 4.8ms | ActiveRecord: 0.3ms | Allocations: 1139)


Started GET "/api/v1/rovers" for ::1 at 2022-12-08 18:41:22 +0100
Processing by Api::V1::RoversController#index as HTML
  [1m[35m (0.1ms)[0m  [1m[34mSELECT sqlite_version(*)[0m
  ↳ app/controllers/api/v1/rovers_controller.rb:5:in `index'
  [1m[36mRover Load (0.3ms)[0m  [1m[34mSELECT "rovers".* FROM "rovers"[0m
  ↳ app/controllers/api/v1/rovers_controller.rb:5:in `index'
Completed 200 OK in 19ms (Views: 15.1ms | ActiveRecord: 0.7ms | Allocations: 6107)


Started GET "/rovers" for ::1 at 2022-12-08 18:41:32 +0100
Processing by RoversController#index as HTML
  Rendering layout layouts/application.html.erb
  Rendering rovers/index.html.erb within layouts/application
  [1m[36mRover Load (0.3ms)[0m  [1m[34mSELECT "rovers".* FROM "rovers"[0m
  ↳ app/views/rovers/index.html.erb:19
  Rendered rovers/index.html.erb within layouts/application (Duration: 3.3ms | Allocations: 979)
[Webpacker] Everything's up-to-date. Nothing to do
  Rendered layout layouts/application.html.erb (Duration: 73.5ms | Allocations: 4594)
Completed 200 OK in 77ms (Views: 76.3ms | ActiveRecord: 0.3ms | Allocations: 5284)


Started GET "/rovers" for ::1 at 2022-12-08 18:45:04 +0100
Processing by RoversController#index as HTML
  Rendering layout layouts/application.html.erb
  Rendering rovers/index.html.erb within layouts/application
  [1m[36mRover Load (0.3ms)[0m  [1m[34mSELECT "rovers".* FROM "rovers"[0m
  ↳ app/views/rovers/index.html.erb:19
  Rendered rovers/index.html.erb within layouts/application (Duration: 3.2ms | Allocations: 886)
[Webpacker] Everything's up-to-date. Nothing to do
  Rendered layout layouts/application.html.erb (Duration: 109.9ms | Allocations: 4432)
Completed 200 OK in 112ms (Views: 110.7ms | ActiveRecord: 0.3ms | Allocations: 4895)


Started GET "/rovers" for ::1 at 2022-12-08 18:56:46 +0100
Processing by RoversController#index as HTML
  Rendering layout layouts/application.html.erb
  Rendering rovers/index.html.erb within layouts/application
  [1m[35m (0.1ms)[0m  [1m[34mSELECT sqlite_version(*)[0m
  ↳ app/views/rovers/index.html.erb:19
  [1m[36mRover Load (0.2ms)[0m  [1m[34mSELECT "rovers".* FROM "rovers"[0m
  ↳ app/views/rovers/index.html.erb:19
  Rendered rovers/index.html.erb within layouts/application (Duration: 11.3ms | Allocations: 1618)
[Webpacker] Everything's up-to-date. Nothing to do
  Rendered layout layouts/application.html.erb (Duration: 96.6ms | Allocations: 5173)
Completed 200 OK in 99ms (Views: 97.9ms | ActiveRecord: 0.6ms | Allocations: 5625)


Started GET "/rovers" for ::1 at 2022-12-08 18:58:38 +0100
Processing by RoversController#index as HTML
  Rendering layout layouts/application.html.erb
  Rendering rovers/index.html.erb within layouts/application
  [1m[35m (0.1ms)[0m  [1m[34mSELECT sqlite_version(*)[0m
  ↳ app/views/rovers/index.html.erb:19
  [1m[36mRover Load (0.2ms)[0m  [1m[34mSELECT "rovers".* FROM "rovers"[0m
  ↳ app/views/rovers/index.html.erb:19
  Rendered rovers/index.html.erb within layouts/application (Duration: 10.5ms | Allocations: 5906)
[Webpacker] Everything's up-to-date. Nothing to do
  Rendered layout layouts/application.html.erb (Duration: 64.8ms | Allocations: 9474)
Completed 200 OK in 73ms (Views: 66.0ms | ActiveRecord: 1.5ms | Allocations: 10574)


Started GET "/api/v1/rovers" for ::1 at 2022-12-08 18:58:56 +0100
Processing by Api::V1::RoversController#index as HTML
  [1m[36mRover Load (0.2ms)[0m  [1m[34mSELECT "rovers".* FROM "rovers"[0m
  ↳ app/controllers/api/v1/rovers_controller.rb:5:in `index'
Completed 200 OK in 6ms (Views: 4.6ms | ActiveRecord: 0.2ms | Allocations: 1189)


Started GET "/api/v1/rovers" for ::1 at 2022-12-08 18:58:57 +0100
Processing by Api::V1::RoversController#index as HTML
  [1m[36mRover Load (0.2ms)[0m  [1m[34mSELECT "rovers".* FROM "rovers"[0m
  ↳ app/controllers/api/v1/rovers_controller.rb:5:in `index'
Completed 200 OK in 6ms (Views: 5.2ms | ActiveRecord: 0.2ms | Allocations: 1139)


Started GET "/api/v1/rovers" for ::1 at 2022-12-08 19:03:44 +0100
Processing by Api::V1::RoversController#index as HTML
  [1m[35m (0.1ms)[0m  [1m[34mSELECT sqlite_version(*)[0m
  ↳ app/controllers/api/v1/rovers_controller.rb:5:in `index'
  [1m[36mRover Load (0.2ms)[0m  [1m[34mSELECT "rovers".* FROM "rovers"[0m
  ↳ app/controllers/api/v1/rovers_controller.rb:5:in `index'
Completed 200 OK in 17ms (Views: 12.0ms | ActiveRecord: 1.3ms | Allocations: 6605)


Started GET "/api/v1/rovers" for ::1 at 2022-12-08 19:06:50 +0100
  [1m[35m (6.0ms)[0m  [1m[34mSELECT sqlite_version(*)[0m
  [1m[35m (0.5ms)[0m  [1m[34mSELECT "schema_migrations"."version" FROM "schema_migrations" ORDER BY "schema_migrations"."version" ASC[0m
Processing by Api::V1::RoversController#index as HTML
  [1m[36mRover Load (0.2ms)[0m  [1m[34mSELECT "rovers".* FROM "rovers"[0m
  ↳ app/controllers/api/v1/rovers_controller.rb:5:in `index'
Completed 200 OK in 40ms (Views: 9.1ms | ActiveRecord: 1.1ms | Allocations: 7904)


Started GET "/rovers" for ::1 at 2022-12-08 20:01:51 +0100
  [1m[35m (6.4ms)[0m  [1m[34mSELECT sqlite_version(*)[0m
  [1m[35m (0.2ms)[0m  [1m[34mSELECT "schema_migrations"."version" FROM "schema_migrations" ORDER BY "schema_migrations"."version" ASC[0m
Processing by RoversController#index as HTML
  Rendering layout layouts/application.html.haml
  Rendering rovers/index.html.haml within layouts/application
  [1m[36mRover Load (0.3ms)[0m  [1m[34mSELECT "rovers".* FROM "rovers"[0m
  ↳ app/views/rovers/index.html.haml:14
  Rendered rovers/index.html.haml within layouts/application (Duration: 20.8ms | Allocations: 12236)
[Webpacker] Everything's up-to-date. Nothing to do
  Rendered layout layouts/application.html.haml (Duration: 240.4ms | Allocations: 21555)
Completed 200 OK in 318ms (Views: 264.2ms | ActiveRecord: 1.3ms | Allocations: 25235)


Started GET "/rovers/new" for ::1 at 2022-12-08 20:01:56 +0100
Processing by RoversController#new as HTML
  Rendering layout layouts/application.html.haml
  Rendering rovers/new.html.haml within layouts/application
  Rendered rovers/_form.html.haml (Duration: 67.7ms | Allocations: 8184)
  Rendered rovers/new.html.haml within layouts/application (Duration: 75.1ms | Allocations: 10020)
[Webpacker] Everything's up-to-date. Nothing to do
  Rendered layout layouts/application.html.haml (Duration: 166.4ms | Allocations: 13547)
Completed 200 OK in 171ms (Views: 168.6ms | ActiveRecord: 0.0ms | Allocations: 14231)


Started GET "/rovers" for ::1 at 2022-12-08 20:03:50 +0100
Processing by RoversController#index as HTML
  Rendering layout layouts/application.html.haml
  Rendering rovers/index.html.haml within layouts/application
  [1m[35m (0.1ms)[0m  [1m[34mSELECT sqlite_version(*)[0m
  ↳ app/views/rovers/index.html.haml:14
  [1m[36mRover Load (0.2ms)[0m  [1m[34mSELECT "rovers".* FROM "rovers"[0m
  ↳ app/views/rovers/index.html.haml:14
  Rendered rovers/index.html.haml within layouts/application (Duration: 12.5ms | Allocations: 5974)
[Webpacker] Everything's up-to-date. Nothing to do
  Rendered layout layouts/application.html.haml (Duration: 79.4ms | Allocations: 9555)
Completed 200 OK in 88ms (Views: 81.0ms | ActiveRecord: 1.4ms | Allocations: 10663)


Started GET "/rovers/1/edit" for ::1 at 2022-12-08 20:03:53 +0100
Processing by RoversController#edit as HTML
  Parameters: {"id"=>"1"}
  [1m[36mRover Load (0.2ms)[0m  [1m[34mSELECT "rovers".* FROM "rovers" WHERE "rovers"."id" = ? LIMIT ?[0m  [["id", 1], ["LIMIT", 1]]
  ↳ app/controllers/rovers_controller.rb:71:in `set_rover'
  Rendering layout layouts/application.html.haml
  Rendering rovers/edit.html.haml within layouts/application
  Rendered rovers/_form.html.haml (Duration: 2.3ms | Allocations: 1991)
  Rendered rovers/edit.html.haml within layouts/application (Duration: 6.2ms | Allocations: 3795)
[Webpacker] Everything's up-to-date. Nothing to do
  Rendered layout layouts/application.html.haml (Duration: 72.5ms | Allocations: 7293)
Completed 200 OK in 86ms (Views: 73.7ms | ActiveRecord: 0.2ms | Allocations: 9099)


Started PATCH "/rovers/1" for ::1 at 2022-12-08 20:03:59 +0100
Processing by RoversController#update as HTML
  Parameters: {"authenticity_token"=>"[FILTERED]", "rover"=>{"puntoPartenzaX"=>"2.9", "puntoPartenzaY"=>"4.0666", "direzioneN"=>"2.0", "direzioneS"=>"88.0", "direzioneE"=>"5.0", "direzioneW"=>"54.771"}, "commit"=>"Update Rover", "id"=>"1"}
  [1m[36mRover Load (0.2ms)[0m  [1m[34mSELECT "rovers".* FROM "rovers" WHERE "rovers"."id" = ? LIMIT ?[0m  [["id", 1], ["LIMIT", 1]]
  ↳ app/controllers/rovers_controller.rb:71:in `set_rover'
  [1m[36mTRANSACTION (0.0ms)[0m  [1m[36mbegin transaction[0m
  ↳ app/controllers/rovers_controller.rb:48:in `block in update'
  [1m[36mRover Update (6.5ms)[0m  [1m[33mUPDATE "rovers" SET "puntoPartenzaY" = ?, "updated_at" = ? WHERE "rovers"."id" = ?[0m  [["puntoPartenzaY", 4.0666], ["updated_at", "2022-12-08 19:03:59.777012"], ["id", 1]]
  ↳ app/controllers/rovers_controller.rb:48:in `block in update'
  [1m[36mTRANSACTION (17.0ms)[0m  [1m[36mcommit transaction[0m
  ↳ app/controllers/rovers_controller.rb:48:in `block in update'
Redirected to http://localhost:3000/rovers/1
Completed 302 Found in 39ms (ActiveRecord: 23.8ms | Allocations: 3844)


Started GET "/rovers/1" for ::1 at 2022-12-08 20:03:59 +0100
Processing by RoversController#show as HTML
  Parameters: {"id"=>"1"}
  [1m[36mRover Load (0.2ms)[0m  [1m[34mSELECT "rovers".* FROM "rovers" WHERE "rovers"."id" = ? LIMIT ?[0m  [["id", 1], ["LIMIT", 1]]
  ↳ app/controllers/rovers_controller.rb:71:in `set_rover'
  Rendering layout layouts/application.html.haml
  Rendering rovers/show.html.haml within layouts/application
  Rendered rovers/show.html.haml within layouts/application (Duration: 5.4ms | Allocations: 3228)
[Webpacker] Everything's up-to-date. Nothing to do
  Rendered layout layouts/application.html.haml (Duration: 56.9ms | Allocations: 6744)
Completed 200 OK in 65ms (Views: 58.2ms | ActiveRecord: 0.2ms | Allocations: 7873)


Started GET "/rovers/" for ::1 at 2022-12-08 20:04:05 +0100
Processing by RoversController#index as HTML
  Rendering layout layouts/application.html.haml
  Rendering rovers/index.html.haml within layouts/application
  [1m[36mRover Load (0.4ms)[0m  [1m[34mSELECT "rovers".* FROM "rovers"[0m
  ↳ app/views/rovers/index.html.haml:14
  Rendered rovers/index.html.haml within layouts/application (Duration: 2.9ms | Allocations: 929)
[Webpacker] Everything's up-to-date. Nothing to do
  Rendered layout layouts/application.html.haml (Duration: 77.8ms | Allocations: 4544)
Completed 200 OK in 82ms (Views: 80.1ms | ActiveRecord: 0.4ms | Allocations: 4997)


Started GET "/rovers/new" for ::1 at 2022-12-08 20:07:15 +0100
Processing by RoversController#new as HTML
  Rendering layout layouts/application.html.haml
  Rendering rovers/new.html.haml within layouts/application
  Rendered rovers/_form.html.haml (Duration: 130.2ms | Allocations: 12188)
  Rendered rovers/new.html.haml within layouts/application (Duration: 134.6ms | Allocations: 13962)
  Rendered layout layouts/application.html.haml (Duration: 136.2ms | Allocations: 14031)
Completed 500 Internal Server Error in 151ms (ActiveRecord: 0.0ms | Allocations: 15303)


  
ActionView::SyntaxErrorInTemplate (Encountered a syntax error while rendering template: check = form_with(model: @rover, url : @url, method : @method.to_sym) do |form|
  - if rover.errors.any?
    #error_explanation
      %h2
        = pluralize(rover.errors.count, "error")
        prohibited this rover from being saved:
      %ul
        - rover.errors.each do |error|
          %li= error.full_message
  .field
    = form.label :puntoPartenzaX
    = form.text_field :puntoPartenzaX
  .field
    = form.label :puntoPartenzaY
    = form.text_field :puntoPartenzaY
  .field
    = form.label :direzioneN
    = form.text_field :direzioneN
  .field
    = form.label :direzioneS
    = form.text_field :direzioneS
  .field
    = form.label :direzioneE
    = form.text_field :direzioneE
  .field
    = form.label :direzioneW
    = form.text_field :direzioneW
  .actions
    = form.submit

):
1:    = form_with(model: @rover, url : @url, method : @method.to_sym) do |form|
2:      - if rover.errors.any?
3:        #error_explanation
4:          %h2
5:            = pluralize(rover.errors.count, "error")
6:            prohibited this rover from being saved:
7:          %ul
8:            - rover.errors.each do |error|
9:              %li= error.full_message
10:      .field
11:        = form.label :puntoPartenzaX
12:        = form.text_field :puntoPartenzaX
13:      .field
14:        = form.label :puntoPartenzaY
15:        = form.text_field :puntoPartenzaY
16:      .field
17:        = form.label :direzioneN
18:        = form.text_field :direzioneN
19:      .field
20:        = form.label :direzioneS
21:        = form.text_field :direzioneS
22:      .field
23:        = form.label :direzioneE
24:        = form.text_field :direzioneE
25:      .field
26:        = form.label :direzioneW
27:        = form.text_field :direzioneW
28:      .actions
29:        = form.submit
  
app/views/rovers/_form.html.haml:1: syntax error, unexpected ':', expecting =>
app/views/rovers/_form.html.haml:1: syntax error, unexpected ':', expecting '='
app/views/rovers/_form.html.haml:1: syntax error, unexpected ')', expecting `end'
app/views/rovers/_form.html.haml:31: syntax error, unexpected `end', expecting end-of-input
app/views/rovers/_form.html.haml:1: syntax error, unexpected ':', expecting =>
app/views/rovers/_form.html.haml:1: syntax error, unexpected ':', expecting '='
app/views/rovers/_form.html.haml:1: syntax error, unexpected ')', expecting `end'
app/views/rovers/_form.html.haml:31: syntax error, unexpected `end', expecting end-of-input
app/views/rovers/_form.html.haml:1: syntax error, unexpected ':', expecting =>
app/views/rovers/_form.html.haml:1: syntax error, unexpected ':', expecting '='
app/views/rovers/_form.html.haml:1: syntax error, unexpected ')', expecting `end'
app/views/rovers/_form.html.haml:31: syntax error, unexpected `end', expecting end-of-input
app/views/rovers/_form.html.haml:1: syntax error, unexpected ':', expecting =>
app/views/rovers/_form.html.haml:1: syntax error, unexpected ':', expecting '='
app/views/rovers/_form.html.haml:1: syntax error, unexpected ')', expecting `end'
app/views/rovers/_form.html.haml:31: syntax error, unexpected `end', expecting end-of-input
app/views/rovers/_form.html.haml:1: syntax error, unexpected ':', expecting =>
app/views/rovers/_form.html.haml:1: syntax error, unexpected ':', expecting '='
app/views/rovers/_form.html.haml:1: syntax error, unexpected ')', expecting `end'
app/views/rovers/_form.html.haml:31: syntax error, unexpected `end', expecting end-of-input
app/views/rovers/_form.html.haml:1: syntax error, unexpected ':', expecting =>
app/views/rovers/_form.html.haml:1: syntax error, unexpected ':', expecting '='
app/views/rovers/_form.html.haml:1: syntax error, unexpected ')', expecting `end'
app/views/rovers/_form.html.haml:31: syntax error, unexpected `end', expecting end-of-input
app/views/rovers/new.html.haml:2
Started GET "/rovers" for ::1 at 2022-12-08 20:08:07 +0100
Processing by RoversController#index as HTML
  Rendering layout layouts/application.html.haml
  Rendering rovers/index.html.haml within layouts/application
  [1m[35m (0.1ms)[0m  [1m[34mSELECT sqlite_version(*)[0m
  ↳ app/views/rovers/index.html.haml:14
  [1m[36mRover Load (0.2ms)[0m  [1m[34mSELECT "rovers".* FROM "rovers"[0m
  ↳ app/views/rovers/index.html.haml:14
  Rendered rovers/index.html.haml within layouts/application (Duration: 16.7ms | Allocations: 10164)
[Webpacker] Everything's up-to-date. Nothing to do
  Rendered layout layouts/application.html.haml (Duration: 78.8ms | Allocations: 16719)
Completed 200 OK in 88ms (Views: 80.3ms | ActiveRecord: 1.4ms | Allocations: 17951)


Started GET "/rovers/1/edit" for ::1 at 2022-12-08 20:08:10 +0100
Processing by RoversController#edit as HTML
  Parameters: {"id"=>"1"}
  [1m[36mRover Load (0.3ms)[0m  [1m[34mSELECT "rovers".* FROM "rovers" WHERE "rovers"."id" = ? LIMIT ?[0m  [["id", 1], ["LIMIT", 1]]
  ↳ app/controllers/rovers_controller.rb:71:in `set_rover'
  Rendering layout layouts/application.html.haml
  Rendering rovers/edit.html.haml within layouts/application
  Rendered rovers/_form.html.haml (Duration: 3.5ms | Allocations: 5375)
  Rendered rovers/edit.html.haml within layouts/application (Duration: 6.0ms | Allocations: 7096)
  Rendered layout layouts/application.html.haml (Duration: 7.1ms | Allocations: 7163)
Completed 500 Internal Server Error in 15ms (ActiveRecord: 0.3ms | Allocations: 8465)


  
ActionView::SyntaxErrorInTemplate (Encountered a syntax error while rendering template: check = form_with(model: @rover, url : @url, method : @method.to_sym) do |form|
  - if rover.errors.any?
    #error_explanation
      %h2
        = pluralize(rover.errors.count, "error")
        prohibited this rover from being saved:
      %ul
        - rover.errors.each do |error|
          %li= error.full_message
  .field
    = form.label :puntoPartenzaX
    = form.text_field :puntoPartenzaX
  .field
    = form.label :puntoPartenzaY
    = form.text_field :puntoPartenzaY
  .field
    = form.label :direzioneN
    = form.text_field :direzioneN
  .field
    = form.label :direzioneS
    = form.text_field :direzioneS
  .field
    = form.label :direzioneE
    = form.text_field :direzioneE
  .field
    = form.label :direzioneW
    = form.text_field :direzioneW
  .actions
    = form.submit

):
1:    = form_with(model: @rover, url : @url, method : @method.to_sym) do |form|
2:      - if rover.errors.any?
3:        #error_explanation
4:          %h2
5:            = pluralize(rover.errors.count, "error")
6:            prohibited this rover from being saved:
7:          %ul
8:            - rover.errors.each do |error|
9:              %li= error.full_message
10:      .field
11:        = form.label :puntoPartenzaX
12:        = form.text_field :puntoPartenzaX
13:      .field
14:        = form.label :puntoPartenzaY
15:        = form.text_field :puntoPartenzaY
16:      .field
17:        = form.label :direzioneN
18:        = form.text_field :direzioneN
19:      .field
20:        = form.label :direzioneS
21:        = form.text_field :direzioneS
22:      .field
23:        = form.label :direzioneE
24:        = form.text_field :direzioneE
25:      .field
26:        = form.label :direzioneW
27:        = form.text_field :direzioneW
28:      .actions
29:        = form.submit
  
app/views/rovers/_form.html.haml:1: syntax error, unexpected ':', expecting =>
app/views/rovers/_form.html.haml:1: syntax error, unexpected ':', expecting '='
app/views/rovers/_form.html.haml:1: syntax error, unexpected ')', expecting `end'
app/views/rovers/_form.html.haml:31: syntax error, unexpected `end', expecting end-of-input
app/views/rovers/_form.html.haml:1: syntax error, unexpected ':', expecting =>
app/views/rovers/_form.html.haml:1: syntax error, unexpected ':', expecting '='
app/views/rovers/_form.html.haml:1: syntax error, unexpected ')', expecting `end'
app/views/rovers/_form.html.haml:31: syntax error, unexpected `end', expecting end-of-input
app/views/rovers/_form.html.haml:1: syntax error, unexpected ':', expecting =>
app/views/rovers/_form.html.haml:1: syntax error, unexpected ':', expecting '='
app/views/rovers/_form.html.haml:1: syntax error, unexpected ')', expecting `end'
app/views/rovers/_form.html.haml:31: syntax error, unexpected `end', expecting end-of-input
app/views/rovers/_form.html.haml:1: syntax error, unexpected ':', expecting =>
app/views/rovers/_form.html.haml:1: syntax error, unexpected ':', expecting '='
app/views/rovers/_form.html.haml:1: syntax error, unexpected ')', expecting `end'
app/views/rovers/_form.html.haml:31: syntax error, unexpected `end', expecting end-of-input
app/views/rovers/_form.html.haml:1: syntax error, unexpected ':', expecting =>
app/views/rovers/_form.html.haml:1: syntax error, unexpected ':', expecting '='
app/views/rovers/_form.html.haml:1: syntax error, unexpected ')', expecting `end'
app/views/rovers/_form.html.haml:31: syntax error, unexpected `end', expecting end-of-input
app/views/rovers/_form.html.haml:1: syntax error, unexpected ':', expecting =>
app/views/rovers/_form.html.haml:1: syntax error, unexpected ':', expecting '='
app/views/rovers/_form.html.haml:1: syntax error, unexpected ')', expecting `end'
app/views/rovers/_form.html.haml:31: syntax error, unexpected `end', expecting end-of-input
app/views/rovers/edit.html.haml:2
Started GET "/rovers/1/edit" for ::1 at 2022-12-08 20:09:40 +0100
Processing by RoversController#edit as HTML
  Parameters: {"id"=>"1"}
  [1m[36mRover Load (0.3ms)[0m  [1m[34mSELECT "rovers".* FROM "rovers" WHERE "rovers"."id" = ? LIMIT ?[0m  [["id", 1], ["LIMIT", 1]]
  ↳ app/controllers/rovers_controller.rb:71:in `set_rover'
  Rendering layout layouts/application.html.haml
  Rendering rovers/edit.html.haml within layouts/application
  Rendered rovers/_form.html.haml (Duration: 8.2ms | Allocations: 6328)
  Rendered rovers/edit.html.haml within layouts/application (Duration: 14.9ms | Allocations: 8272)
[Webpacker] Everything's up-to-date. Nothing to do
  Rendered layout layouts/application.html.haml (Duration: 79.2ms | Allocations: 14811)
Completed 200 OK in 97ms (Views: 89.5ms | ActiveRecord: 0.3ms | Allocations: 16632)


Started PATCH "/rovers/1" for ::1 at 2022-12-08 20:09:46 +0100
Processing by RoversController#update as HTML
  Parameters: {"authenticity_token"=>"[FILTERED]", "rover"=>{"puntoPartenzaX"=>"2.9", "puntoPartenzaY"=>"4.0666", "direzioneN"=>"2.0", "direzioneS"=>"88.0", "direzioneE"=>"5.033", "direzioneW"=>"54.771"}, "commit"=>"Update Rover", "id"=>"1"}
  [1m[36mRover Load (0.3ms)[0m  [1m[34mSELECT "rovers".* FROM "rovers" WHERE "rovers"."id" = ? LIMIT ?[0m  [["id", 1], ["LIMIT", 1]]
  ↳ app/controllers/rovers_controller.rb:71:in `set_rover'
  [1m[36mTRANSACTION (0.0ms)[0m  [1m[36mbegin transaction[0m
  ↳ app/controllers/rovers_controller.rb:48:in `block in update'
  [1m[36mRover Update (6.3ms)[0m  [1m[33mUPDATE "rovers" SET "direzioneE" = ?, "updated_at" = ? WHERE "rovers"."id" = ?[0m  [["direzioneE", 5.033], ["updated_at", "2022-12-08 19:09:46.763692"], ["id", 1]]
  ↳ app/controllers/rovers_controller.rb:48:in `block in update'
  [1m[36mTRANSACTION (9.6ms)[0m  [1m[36mcommit transaction[0m
  ↳ app/controllers/rovers_controller.rb:48:in `block in update'
Redirected to http://localhost:3000/rovers/1
Completed 302 Found in 32ms (ActiveRecord: 16.2ms | Allocations: 3243)


Started GET "/rovers/1" for ::1 at 2022-12-08 20:09:46 +0100
Processing by RoversController#show as HTML
  Parameters: {"id"=>"1"}
  [1m[36mRover Load (0.2ms)[0m  [1m[34mSELECT "rovers".* FROM "rovers" WHERE "rovers"."id" = ? LIMIT ?[0m  [["id", 1], ["LIMIT", 1]]
  ↳ app/controllers/rovers_controller.rb:71:in `set_rover'
  Rendering layout layouts/application.html.haml
  Rendering rovers/show.html.haml within layouts/application
  Rendered rovers/show.html.haml within layouts/application (Duration: 5.5ms | Allocations: 3219)
[Webpacker] Everything's up-to-date. Nothing to do
  Rendered layout layouts/application.html.haml (Duration: 60.2ms | Allocations: 6736)
Completed 200 OK in 67ms (Views: 61.2ms | ActiveRecord: 0.2ms | Allocations: 7864)


Started GET "/rovers/new" for ::1 at 2022-12-08 20:09:52 +0100
Processing by RoversController#new as HTML
  Rendering layout layouts/application.html.haml
  Rendering rovers/new.html.haml within layouts/application
  Rendered rovers/_form.html.haml (Duration: 1.9ms | Allocations: 1792)
  Rendered rovers/new.html.haml within layouts/application (Duration: 4.7ms | Allocations: 3472)
[Webpacker] Everything's up-to-date. Nothing to do
  Rendered layout layouts/application.html.haml (Duration: 69.1ms | Allocations: 6961)
Completed 200 OK in 73ms (Views: 70.6ms | ActiveRecord: 0.0ms | Allocations: 7597)


Started POST "/rovers" for ::1 at 2022-12-08 20:10:04 +0100
Processing by RoversController#create as HTML
  Parameters: {"authenticity_token"=>"[FILTERED]", "rover"=>{"puntoPartenzaX"=>"33", "puntoPartenzaY"=>"22", "direzioneN"=>"66", "direzioneS"=>"55", "direzioneE"=>"88", "direzioneW"=>"22"}, "commit"=>"Create Rover"}
  [1m[36mTRANSACTION (0.0ms)[0m  [1m[36mbegin transaction[0m
  ↳ app/controllers/rovers_controller.rb:35:in `block in create'
  [1m[36mRover Create (6.2ms)[0m  [1m[32mINSERT INTO "rovers" ("puntoPartenzaX", "puntoPartenzaY", "direzioneN", "direzioneS", "direzioneE", "direzioneW", "created_at", "updated_at") VALUES (?, ?, ?, ?, ?, ?, ?, ?)[0m  [["puntoPartenzaX", 33.0], ["puntoPartenzaY", 22.0], ["direzioneN", 66.0], ["direzioneS", 55.0], ["direzioneE", 88.0], ["direzioneW", 22.0], ["created_at", "2022-12-08 19:10:04.625095"], ["updated_at", "2022-12-08 19:10:04.625095"]]
  ↳ app/controllers/rovers_controller.rb:35:in `block in create'
  [1m[36mTRANSACTION (12.5ms)[0m  [1m[36mcommit transaction[0m
  ↳ app/controllers/rovers_controller.rb:35:in `block in create'
Redirected to http://localhost:3000/rovers/2
Completed 302 Found in 31ms (ActiveRecord: 18.7ms | Allocations: 2639)


Started GET "/rovers/2" for ::1 at 2022-12-08 20:10:04 +0100
Processing by RoversController#show as HTML
  Parameters: {"id"=>"2"}
  [1m[36mRover Load (0.3ms)[0m  [1m[34mSELECT "rovers".* FROM "rovers" WHERE "rovers"."id" = ? LIMIT ?[0m  [["id", 2], ["LIMIT", 1]]
  ↳ app/controllers/rovers_controller.rb:71:in `set_rover'
  Rendering layout layouts/application.html.haml
  Rendering rovers/show.html.haml within layouts/application
  Rendered rovers/show.html.haml within layouts/application (Duration: 0.5ms | Allocations: 177)
[Webpacker] Everything's up-to-date. Nothing to do
  Rendered layout layouts/application.html.haml (Duration: 56.4ms | Allocations: 3783)
Completed 200 OK in 62ms (Views: 57.9ms | ActiveRecord: 0.3ms | Allocations: 4780)


Started GET "/rovers/" for ::1 at 2022-12-08 20:10:10 +0100
Processing by RoversController#index as HTML
  Rendering layout layouts/application.html.haml
  Rendering rovers/index.html.haml within layouts/application
  [1m[36mRover Load (0.2ms)[0m  [1m[34mSELECT "rovers".* FROM "rovers"[0m
  ↳ app/views/rovers/index.html.haml:14
  Rendered rovers/index.html.haml within layouts/application (Duration: 6.2ms | Allocations: 5310)
[Webpacker] Everything's up-to-date. Nothing to do
  Rendered layout layouts/application.html.haml (Duration: 56.4ms | Allocations: 8817)
Completed 200 OK in 61ms (Views: 58.1ms | ActiveRecord: 0.2ms | Allocations: 9400)


Started GET "/rovers" for ::1 at 2022-12-08 20:27:42 +0100
  [1m[35m (6.7ms)[0m  [1m[34mSELECT sqlite_version(*)[0m
  [1m[35m (0.2ms)[0m  [1m[34mSELECT "schema_migrations"."version" FROM "schema_migrations" ORDER BY "schema_migrations"."version" ASC[0m
Processing by RoversController#index as HTML
  Rendering layout layouts/application.html.haml
  Rendering rovers/index.html.haml within layouts/application
  [1m[36mRover Load (0.3ms)[0m  [1m[34mSELECT "rovers".* FROM "rovers"[0m
  ↳ app/views/rovers/index.html.haml:14
  Rendered rovers/index.html.haml within layouts/application (Duration: 22.8ms | Allocations: 12402)
[Webpacker] Everything's up-to-date. Nothing to do
  Rendered layout layouts/application.html.haml (Duration: 201.2ms | Allocations: 21721)
Completed 200 OK in 271ms (Views: 223.7ms | ActiveRecord: 1.1ms | Allocations: 25401)


Started GET "/rovers" for ::1 at 2022-12-09 09:14:09 +0100
  [1m[35m (3.5ms)[0m  [1m[34mSELECT sqlite_version(*)[0m
  [1m[35m (0.2ms)[0m  [1m[34mSELECT "schema_migrations"."version" FROM "schema_migrations" ORDER BY "schema_migrations"."version" ASC[0m
Processing by RoversController#index as HTML
  Rendering layout layouts/application.html.haml
  Rendering rovers/index.html.haml within layouts/application
  [1m[36mRover Load (0.3ms)[0m  [1m[34mSELECT "rovers".* FROM "rovers"[0m
  ↳ app/views/rovers/index.html.haml:14
  Rendered rovers/index.html.haml within layouts/application (Duration: 22.8ms | Allocations: 12402)
[Webpacker] Everything's up-to-date. Nothing to do
  Rendered layout layouts/application.html.haml (Duration: 187.3ms | Allocations: 21753)
Completed 200 OK in 232ms (Views: 202.6ms | ActiveRecord: 1.0ms | Allocations: 25334)


Started GET "/rovers" for ::1 at 2022-12-09 09:38:03 +0100
Processing by RoversController#index as HTML
Completed 500 Internal Server Error in 10ms (Allocations: 1358)


  
NameError (uninitialized constant Rover::Promiscuous):
  
app/models/rover.rb:2:in `<class:Rover>'
app/models/rover.rb:1:in `<main>'
app/controllers/rovers_controller.rb:6:in `index'
Started GET "/rovers" for ::1 at 2022-12-09 09:38:27 +0100
Processing by RoversController#index as HTML
  Rendering layout layouts/application.html.haml
  Rendering rovers/index.html.haml within layouts/application
  [1m[35m (0.0ms)[0m  [1m[34mSELECT sqlite_version(*)[0m
  ↳ app/views/rovers/index.html.haml:14
  [1m[36mRover Load (0.2ms)[0m  [1m[34mSELECT "rovers".* FROM "rovers"[0m
  ↳ app/views/rovers/index.html.haml:14
  Rendered rovers/index.html.haml within layouts/application (Duration: 11.3ms | Allocations: 5676)
[Webpacker] Everything's up-to-date. Nothing to do
  Rendered layout layouts/application.html.haml (Duration: 61.9ms | Allocations: 9302)
Completed 200 OK in 72ms (Views: 63.8ms | ActiveRecord: 0.5ms | Allocations: 10437)


Started GET "/rovers" for ::1 at 2022-12-09 10:21:46 +0100
  [1m[35m (7.6ms)[0m  [1m[34mSELECT sqlite_version(*)[0m
  [1m[35m (0.2ms)[0m  [1m[34mSELECT "schema_migrations"."version" FROM "schema_migrations" ORDER BY "schema_migrations"."version" ASC[0m
Processing by RoversController#index as HTML
  Rendering layout layouts/application.html.haml
  Rendering rovers/index.html.haml within layouts/application
  [1m[36mRover Load (0.3ms)[0m  [1m[34mSELECT "rovers".* FROM "rovers"[0m
  ↳ app/views/rovers/index.html.haml:14
  Rendered rovers/index.html.haml within layouts/application (Duration: 21.7ms | Allocations: 12402)
[Webpacker] Everything's up-to-date. Nothing to do
  Rendered layout layouts/application.html.haml (Duration: 224.9ms | Allocations: 21721)
Completed 200 OK in 298ms (Views: 250.0ms | ActiveRecord: 1.2ms | Allocations: 25401)


Started GET "/api/v1/rovers" for ::1 at 2022-12-09 12:54:58 +0100
  [1m[35m (2.3ms)[0m  [1m[34mSELECT sqlite_version(*)[0m
  [1m[35m (0.4ms)[0m  [1m[34mSELECT "schema_migrations"."version" FROM "schema_migrations" ORDER BY "schema_migrations"."version" ASC[0m
Processing by Api::V1::RoversController#index as HTML
  [1m[36mRover Load (0.5ms)[0m  [1m[34mSELECT "rovers".* FROM "rovers"[0m
  ↳ app/controllers/api/v1/rovers_controller.rb:5:in `index'
Completed 200 OK in 31ms (Views: 11.5ms | ActiveRecord: 1.5ms | Allocations: 8059)


Started GET "/api/v1/rovers" for ::1 at 2022-12-09 14:43:42 +0100
Processing by Api::V1::RoversController#index as HTML
  [1m[35m (0.1ms)[0m  [1m[34mSELECT sqlite_version(*)[0m
  ↳ app/controllers/api/v1/rovers_controller.rb:5:in `index'
  [1m[36mRover Load (0.3ms)[0m  [1m[34mSELECT "rovers".* FROM "rovers"[0m
  ↳ app/controllers/api/v1/rovers_controller.rb:5:in `index'
Completed 200 OK in 12ms (Views: 11.1ms | ActiveRecord: 0.6ms | Allocations: 2096)


Started GET "/api/v1/rovers" for ::1 at 2022-12-09 14:50:06 +0100
Processing by Api::V1::RoversController#index as */*
  [1m[35m (0.1ms)[0m  [1m[34mSELECT sqlite_version(*)[0m
  ↳ app/controllers/api/v1/rovers_controller.rb:5:in `index'
  [1m[36mRover Load (0.3ms)[0m  [1m[34mSELECT "rovers".* FROM "rovers"[0m
  ↳ app/controllers/api/v1/rovers_controller.rb:5:in `index'
Completed 200 OK in 10ms (Views: 9.2ms | ActiveRecord: 0.9ms | Allocations: 2039)


Started GET "/api/v1/rovers" for ::1 at 2022-12-09 14:52:28 +0100
Processing by Api::V1::RoversController#index as */*
  [1m[36mRover Load (0.2ms)[0m  [1m[34mSELECT "rovers".* FROM "rovers"[0m
  ↳ app/controllers/api/v1/rovers_controller.rb:5:in `index'
Completed 200 OK in 6ms (Views: 5.6ms | ActiveRecord: 0.2ms | Allocations: 1258)


Started GET "/api/v1/rovers" for ::1 at 2022-12-09 14:56:54 +0100
Processing by Api::V1::RoversController#index as */*
  [1m[36mRover Load (0.3ms)[0m  [1m[34mSELECT "rovers".* FROM "rovers"[0m
  ↳ app/controllers/api/v1/rovers_controller.rb:5:in `index'
Completed 200 OK in 7ms (Views: 5.7ms | ActiveRecord: 0.3ms | Allocations: 1244)


Started GET "/api/v1/rovers" for ::1 at 2022-12-09 14:57:59 +0100
Processing by Api::V1::RoversController#index as */*
  [1m[36mRover Load (0.2ms)[0m  [1m[34mSELECT "rovers".* FROM "rovers"[0m
  ↳ app/controllers/api/v1/rovers_controller.rb:5:in `index'
Completed 200 OK in 7ms (Views: 6.3ms | ActiveRecord: 0.2ms | Allocations: 1257)


Started GET "/api/v1/rovers" for ::1 at 2022-12-09 14:58:29 +0100
Processing by Api::V1::RoversController#index as */*
  [1m[36mRover Load (0.3ms)[0m  [1m[34mSELECT "rovers".* FROM "rovers"[0m
  ↳ app/controllers/api/v1/rovers_controller.rb:5:in `index'
Completed 200 OK in 7ms (Views: 5.8ms | ActiveRecord: 0.3ms | Allocations: 1244)


Started GET "/api/v1/rovers" for ::1 at 2022-12-09 15:00:08 +0100
Processing by Api::V1::RoversController#index as */*
  [1m[36mRover Load (0.3ms)[0m  [1m[34mSELECT "rovers".* FROM "rovers"[0m
  ↳ app/controllers/api/v1/rovers_controller.rb:5:in `index'
Completed 200 OK in 7ms (Views: 5.7ms | ActiveRecord: 0.3ms | Allocations: 1244)


Started GET "/api/v1/rovers" for ::1 at 2022-12-09 15:07:37 +0100
Processing by Api::V1::RoversController#index as */*
  [1m[35m (0.1ms)[0m  [1m[34mSELECT sqlite_version(*)[0m
  ↳ app/controllers/api/v1/rovers_controller.rb:5:in `index'
  [1m[36mRover Load (0.4ms)[0m  [1m[34mSELECT "rovers".* FROM "rovers"[0m
  ↳ app/controllers/api/v1/rovers_controller.rb:5:in `index'
Completed 200 OK in 11ms (Views: 10.3ms | ActiveRecord: 0.8ms | Allocations: 2024)


Started GET "/api/v1/rovers" for ::1 at 2022-12-09 15:08:11 +0100
Processing by Api::V1::RoversController#index as */*
  [1m[36mRover Load (0.2ms)[0m  [1m[34mSELECT "rovers".* FROM "rovers"[0m
  ↳ app/controllers/api/v1/rovers_controller.rb:5:in `index'
Completed 200 OK in 6ms (Views: 5.7ms | ActiveRecord: 0.2ms | Allocations: 1244)


Started GET "/api/v1/rovers" for ::1 at 2022-12-09 15:08:23 +0100
Processing by Api::V1::RoversController#index as */*
  [1m[36mRover Load (0.3ms)[0m  [1m[34mSELECT "rovers".* FROM "rovers"[0m
  ↳ app/controllers/api/v1/rovers_controller.rb:5:in `index'
Completed 200 OK in 7ms (Views: 5.7ms | ActiveRecord: 0.3ms | Allocations: 1244)


Started GET "/api/v1/rovers" for ::1 at 2022-12-09 15:09:12 +0100
Processing by Api::V1::RoversController#index as */*
  [1m[36mRover Load (0.3ms)[0m  [1m[34mSELECT "rovers".* FROM "rovers"[0m
  ↳ app/controllers/api/v1/rovers_controller.rb:5:in `index'
Completed 200 OK in 6ms (Views: 5.7ms | ActiveRecord: 0.3ms | Allocations: 1244)


Started GET "/rovers" for ::1 at 2022-12-09 15:09:31 +0100
Processing by RoversController#index as HTML
  Rendering layout layouts/application.html.haml
  Rendering rovers/index.html.haml within layouts/application
  [1m[36mRover Load (0.2ms)[0m  [1m[34mSELECT "rovers".* FROM "rovers"[0m
  ↳ app/views/rovers/index.html.haml:14
  Rendered rovers/index.html.haml within layouts/application (Duration: 37.4ms | Allocations: 7403)
[Webpacker] Everything's up-to-date. Nothing to do
  Rendered layout layouts/application.html.haml (Duration: 269.7ms | Allocations: 16700)
Completed 200 OK in 321ms (Views: 294.0ms | ActiveRecord: 0.2ms | Allocations: 18793)


Started GET "/rovers/new" for ::1 at 2022-12-09 15:09:37 +0100
Processing by RoversController#new as HTML
  Rendering layout layouts/application.html.haml
  Rendering rovers/new.html.haml within layouts/application
  Rendered rovers/_form.html.haml (Duration: 72.8ms | Allocations: 8104)
  Rendered rovers/new.html.haml within layouts/application (Duration: 78.0ms | Allocations: 9940)
[Webpacker] Everything's up-to-date. Nothing to do
  Rendered layout layouts/application.html.haml (Duration: 149.1ms | Allocations: 13431)
Completed 200 OK in 154ms (Views: 151.2ms | ActiveRecord: 0.0ms | Allocations: 14103)


Started POST "/rovers" for ::1 at 2022-12-09 15:09:49 +0100
Processing by RoversController#create as HTML
  Parameters: {"authenticity_token"=>"[FILTERED]", "rover"=>{"puntoPartenzaX"=>"33", "puntoPartenzaY"=>"11", "direzioneN"=>"22", "direzioneS"=>"11", "direzioneE"=>"2", "direzioneW"=>"1"}, "commit"=>"Create Rover"}
  [1m[36mTRANSACTION (0.1ms)[0m  [1m[36mbegin transaction[0m
  ↳ app/controllers/rovers_controller.rb:35:in `block in create'
  [1m[36mRover Create (7.3ms)[0m  [1m[32mINSERT INTO "rovers" ("puntoPartenzaX", "puntoPartenzaY", "direzioneN", "direzioneS", "direzioneE", "direzioneW", "created_at", "updated_at") VALUES (?, ?, ?, ?, ?, ?, ?, ?)[0m  [["puntoPartenzaX", 33.0], ["puntoPartenzaY", 11.0], ["direzioneN", 22.0], ["direzioneS", 11.0], ["direzioneE", 2.0], ["direzioneW", 1.0], ["created_at", "2022-12-09 14:09:49.573208"], ["updated_at", "2022-12-09 14:09:49.573208"]]
  ↳ app/controllers/rovers_controller.rb:35:in `block in create'
  [1m[36mTRANSACTION (13.4ms)[0m  [1m[36mcommit transaction[0m
  ↳ app/controllers/rovers_controller.rb:35:in `block in create'
Redirected to http://localhost:3000/rovers/3
Completed 302 Found in 38ms (ActiveRecord: 20.7ms | Allocations: 3205)


Started GET "/rovers/3" for ::1 at 2022-12-09 15:09:49 +0100
Processing by RoversController#show as HTML
  Parameters: {"id"=>"3"}
  [1m[36mRover Load (0.2ms)[0m  [1m[34mSELECT "rovers".* FROM "rovers" WHERE "rovers"."id" = ? LIMIT ?[0m  [["id", 3], ["LIMIT", 1]]
  ↳ app/controllers/rovers_controller.rb:71:in `set_rover'
  Rendering layout layouts/application.html.haml
  Rendering rovers/show.html.haml within layouts/application
  Rendered rovers/show.html.haml within layouts/application (Duration: 4.9ms | Allocations: 3221)
[Webpacker] Everything's up-to-date. Nothing to do
  Rendered layout layouts/application.html.haml (Duration: 72.0ms | Allocations: 6728)
Completed 200 OK in 93ms (Views: 73.9ms | ActiveRecord: 0.2ms | Allocations: 8430)


Started GET "/api/v1/rovers" for ::1 at 2022-12-09 15:09:53 +0100
Processing by Api::V1::RoversController#index as */*
  [1m[36mRover Load (0.3ms)[0m  [1m[34mSELECT "rovers".* FROM "rovers"[0m
  ↳ app/controllers/api/v1/rovers_controller.rb:5:in `index'
Completed 200 OK in 7ms (Views: 6.1ms | ActiveRecord: 0.3ms | Allocations: 1397)


  [1m[35m (8.1ms)[0m  [1m[34mSELECT sqlite_version(*)[0m
  [1m[36mRover Load (0.3ms)[0m  [1m[34mSELECT "rovers".* FROM "rovers" /* loading for inspect */ LIMIT ?[0m  [["LIMIT", 11]]
Started GET "/api/v1/rovers" for ::1 at 2022-12-09 16:07:17 +0100
Processing by Api::V1::RoversController#index as */*
  [1m[35m (0.1ms)[0m  [1m[34mSELECT sqlite_version(*)[0m
  ↳ app/controllers/api/v1/rovers_controller.rb:5:in `index'
  [1m[36mRover Load (0.3ms)[0m  [1m[34mSELECT "rovers".* FROM "rovers"[0m
  ↳ app/controllers/api/v1/rovers_controller.rb:5:in `index'
Completed 200 OK in 11ms (Views: 10.4ms | ActiveRecord: 0.8ms | Allocations: 2176)


Started GET "/api/v1/rovers" for ::1 at 2022-12-09 17:04:51 +0100
  [1m[35m (6.3ms)[0m  [1m[34mSELECT sqlite_version(*)[0m
  [1m[35m (0.3ms)[0m  [1m[34mSELECT "schema_migrations"."version" FROM "schema_migrations" ORDER BY "schema_migrations"."version" ASC[0m
Processing by Api::V1::RoversController#index as */*
  [1m[36mRover Load (0.2ms)[0m  [1m[34mSELECT "rovers".* FROM "rovers"[0m
  ↳ app/controllers/api/v1/rovers_controller.rb:5:in `index'
Completed 200 OK in 45ms (Views: 9.7ms | ActiveRecord: 1.2ms | Allocations: 8122)


Started GET "/rovers/3" for ::1 at 2022-12-09 17:53:45 +0100
  [1m[35m (6.3ms)[0m  [1m[34mSELECT sqlite_version(*)[0m
  [1m[35m (0.5ms)[0m  [1m[34mSELECT "schema_migrations"."version" FROM "schema_migrations" ORDER BY "schema_migrations"."version" ASC[0m
Processing by RoversController#show as HTML
  Parameters: {"id"=>"3"}
  [1m[36mRover Load (0.2ms)[0m  [1m[34mSELECT "rovers".* FROM "rovers" WHERE "rovers"."id" = ? LIMIT ?[0m  [["id", 3], ["LIMIT", 1]]
  ↳ app/controllers/rovers_controller.rb:71:in `set_rover'
  Rendering layout layouts/application.html.haml
  Rendering rovers/show.html.haml within layouts/application
  Rendered rovers/show.html.haml within layouts/application (Duration: 11.1ms | Allocations: 5273)
[Webpacker] Everything's up-to-date. Nothing to do
  Rendered layout layouts/application.html.haml (Duration: 246.1ms | Allocations: 14605)
Completed 200 OK in 334ms (Views: 270.5ms | ActiveRecord: 1.2ms | Allocations: 24308)


Started GET "/rovers" for ::1 at 2022-12-09 17:54:18 +0100
  [1m[35m (2.2ms)[0m  [1m[34mSELECT sqlite_version(*)[0m
  [1m[35m (0.2ms)[0m  [1m[34mSELECT "schema_migrations"."version" FROM "schema_migrations" ORDER BY "schema_migrations"."version" ASC[0m
Processing by RoversController#index as HTML
  Rendering layout layouts/application.html.haml
  Rendering rovers/index.html.haml within layouts/application
  [1m[36mRover Load (0.3ms)[0m  [1m[34mSELECT "rovers".* FROM "rovers"[0m
  ↳ app/views/rovers/index.html.haml:14
  Rendered rovers/index.html.haml within layouts/application (Duration: 19.5ms | Allocations: 12572)
[Webpacker] Everything's up-to-date. Nothing to do
  Rendered layout layouts/application.html.haml (Duration: 134.1ms | Allocations: 21891)
Completed 200 OK in 170ms (Views: 145.7ms | ActiveRecord: 1.1ms | Allocations: 25572)


Started GET "/api/v1/rovers" for ::1 at 2022-12-09 18:13:30 +0100
Processing by Api::V1::RoversController#index as */*
  [1m[35m (0.1ms)[0m  [1m[34mSELECT sqlite_version(*)[0m
  ↳ app/controllers/api/v1/rovers_controller.rb:5:in `index'
  [1m[36mRover Load (0.2ms)[0m  [1m[34mSELECT "rovers".* FROM "rovers"[0m
  ↳ app/controllers/api/v1/rovers_controller.rb:5:in `index'
Completed 200 OK in 10ms (Views: 9.6ms | ActiveRecord: 0.6ms | Allocations: 2396)


Started GET "/rovers" for ::1 at 2022-12-09 18:15:08 +0100
Processing by RoversController#index as HTML
  Rendering layout layouts/application.html.haml
  Rendering rovers/index.html.haml within layouts/application
  [1m[36mRover Load (0.3ms)[0m  [1m[34mSELECT "rovers".* FROM "rovers"[0m
  ↳ app/views/rovers/index.html.haml:14
  Rendered rovers/index.html.haml within layouts/application (Duration: 4.0ms | Allocations: 1272)
[Webpacker] Everything's up-to-date. Nothing to do
  Rendered layout layouts/application.html.haml (Duration: 166.4ms | Allocations: 4881)
Completed 200 OK in 169ms (Views: 167.9ms | ActiveRecord: 0.3ms | Allocations: 5346)


Started GET "/rovers" for ::1 at 2022-12-09 18:15:49 +0100
  [1m[35m (7.3ms)[0m  [1m[34mSELECT sqlite_version(*)[0m
  [1m[35m (0.2ms)[0m  [1m[34mSELECT "schema_migrations"."version" FROM "schema_migrations" ORDER BY "schema_migrations"."version" ASC[0m
Processing by RoversController#index as HTML
  Rendering layout layouts/application.html.haml
  Rendering rovers/index.html.haml within layouts/application
  [1m[36mRover Load (0.3ms)[0m  [1m[34mSELECT "rovers".* FROM "rovers"[0m
  ↳ app/views/rovers/index.html.haml:14
  Rendered rovers/index.html.haml within layouts/application (Duration: 35.2ms | Allocations: 12570)
[Webpacker] Everything's up-to-date. Nothing to do
  Rendered layout layouts/application.html.haml (Duration: 209.2ms | Allocations: 21889)
Completed 200 OK in 410ms (Views: 301.1ms | ActiveRecord: 3.4ms | Allocations: 25576)


Started GET "/api/v1/rovers" for ::1 at 2022-12-09 18:16:00 +0100
Processing by Api::V1::RoversController#index as */*
  [1m[36mRover Load (0.2ms)[0m  [1m[34mSELECT "rovers".* FROM "rovers"[0m
  ↳ app/controllers/api/v1/rovers_controller.rb:5:in `index'
Completed 200 OK in 6ms (Views: 5.4ms | ActiveRecord: 0.2ms | Allocations: 1610)


Started GET "/api/v1/rovers" for ::1 at 2022-12-09 18:17:01 +0100
Processing by Api::V1::RoversController#index as */*
  [1m[36mRover Load (0.3ms)[0m  [1m[34mSELECT "rovers".* FROM "rovers"[0m
  ↳ app/controllers/api/v1/rovers_controller.rb:5:in `index'
Completed 200 OK in 5ms (Views: 4.3ms | ActiveRecord: 0.3ms | Allocations: 1410)


Started GET "/api/v1/rovers" for ::1 at 2022-12-09 18:19:00 +0100
Processing by Api::V1::RoversController#index as */*
  [1m[36mRover Load (0.3ms)[0m  [1m[34mSELECT "rovers".* FROM "rovers"[0m
  ↳ app/controllers/api/v1/rovers_controller.rb:5:in `index'
Completed 200 OK in 6ms (Views: 4.9ms | ActiveRecord: 0.3ms | Allocations: 1410)


Started GET "/rovers" for ::1 at 2022-12-10 10:15:28 +0100
  [1m[35m (6.2ms)[0m  [1m[34mSELECT sqlite_version(*)[0m
  [1m[35m (0.2ms)[0m  [1m[34mSELECT "schema_migrations"."version" FROM "schema_migrations" ORDER BY "schema_migrations"."version" ASC[0m
Processing by RoversController#index as HTML
  Rendering layout layouts/application.html.haml
  Rendering rovers/index.html.haml within layouts/application
  [1m[36mRover Load (0.3ms)[0m  [1m[34mSELECT "rovers".* FROM "rovers"[0m
  ↳ app/views/rovers/index.html.haml:14
  Rendered rovers/index.html.haml within layouts/application (Duration: 21.8ms | Allocations: 12570)
[Webpacker] Everything's up-to-date. Nothing to do
  Rendered layout layouts/application.html.haml (Duration: 258.5ms | Allocations: 21891)
Completed 200 OK in 328ms (Views: 281.3ms | ActiveRecord: 1.2ms | Allocations: 25571)


Started GET "/" for ::1 at 2022-12-10 10:22:19 +0100
  
ActionController::RoutingError (uninitialized constant IndexController
Did you mean?  IndexError):
  
Started GET "/" for ::1 at 2022-12-10 10:22:59 +0100
  
ActionController::RoutingError (uninitialized constant IndexController
Did you mean?  IndexError):
  
Started GET "/rails/info/routes?path=in" for ::1 at 2022-12-10 10:23:03 +0100
Processing by Rails::InfoController#routes as */*
  Parameters: {"path"=>"in"}
Completed 200 OK in 3ms (Views: 0.3ms | Allocations: 2433)


Started GET "/rails/info/routes?path=in" for ::1 at 2022-12-10 10:23:03 +0100
Processing by Rails::InfoController#routes as */*
  Parameters: {"path"=>"in"}
Completed 200 OK in 2ms (Views: 0.2ms | Allocations: 1346)


Started GET "/rails/info/routes?path=inde" for ::1 at 2022-12-10 10:23:05 +0100
Processing by Rails::InfoController#routes as */*
  Parameters: {"path"=>"inde"}
Completed 200 OK in 1ms (Views: 0.1ms | Allocations: 939)


Started GET "/rails/info/routes?path=inde" for ::1 at 2022-12-10 10:23:06 +0100
Processing by Rails::InfoController#routes as */*
  Parameters: {"path"=>"inde"}
Completed 200 OK in 3ms (Views: 0.3ms | Allocations: 934)


Started GET "/rails/info/routes?path=index" for ::1 at 2022-12-10 10:23:07 +0100
Processing by Rails::InfoController#routes as */*
  Parameters: {"path"=>"index"}
Completed 200 OK in 1ms (Views: 0.1ms | Allocations: 936)


Started GET "/rovers" for ::1 at 2022-12-10 10:23:31 +0100
Processing by RoversController#index as HTML
  Rendering layout layouts/application.html.haml
  Rendering rovers/index.html.haml within layouts/application
  [1m[35m (0.1ms)[0m  [1m[34mSELECT sqlite_version(*)[0m
  ↳ app/views/rovers/index.html.haml:14
  [1m[36mRover Load (0.3ms)[0m  [1m[34mSELECT "rovers".* FROM "rovers"[0m
  ↳ app/views/rovers/index.html.haml:14
  Rendered rovers/index.html.haml within layouts/application (Duration: 18.0ms | Allocations: 10071)
[Webpacker] Everything's up-to-date. Nothing to do
  Rendered layout layouts/application.html.haml (Duration: 104.9ms | Allocations: 16627)
Completed 200 OK in 121ms (Views: 112.5ms | ActiveRecord: 0.7ms | Allocations: 18358)


Started GET "/" for ::1 at 2022-12-10 10:23:38 +0100
  
ActionController::RoutingError (uninitialized constant IndexController
Did you mean?  IndexError):
  
Started GET "/rails/info/routes?path=in" for ::1 at 2022-12-10 10:23:40 +0100
Processing by Rails::InfoController#routes as */*
  Parameters: {"path"=>"in"}
Completed 200 OK in 2ms (Views: 0.4ms | ActiveRecord: 0.0ms | Allocations: 1351)


Started GET "/rails/info/routes?path=in" for ::1 at 2022-12-10 10:23:40 +0100
Processing by Rails::InfoController#routes as */*
  Parameters: {"path"=>"in"}
Completed 200 OK in 2ms (Views: 0.2ms | ActiveRecord: 0.0ms | Allocations: 1349)


Started GET "/rails/info/routes?path=inde" for ::1 at 2022-12-10 10:23:41 +0100
Processing by Rails::InfoController#routes as */*
  Parameters: {"path"=>"inde"}
Completed 200 OK in 1ms (Views: 0.2ms | ActiveRecord: 0.0ms | Allocations: 940)


Started GET "/rails/info/routes?path=inde" for ::1 at 2022-12-10 10:23:41 +0100
Processing by Rails::InfoController#routes as */*
  Parameters: {"path"=>"inde"}
Completed 200 OK in 1ms (Views: 0.2ms | ActiveRecord: 0.0ms | Allocations: 937)


Started GET "/rails/info/routes?path=index" for ::1 at 2022-12-10 10:23:43 +0100
Processing by Rails::InfoController#routes as */*
  Parameters: {"path"=>"index"}
Completed 200 OK in 2ms (Views: 0.4ms | ActiveRecord: 0.0ms | Allocations: 939)


Started GET "/rails/info/routes?path=index_" for ::1 at 2022-12-10 10:23:44 +0100
Processing by Rails::InfoController#routes as */*
  Parameters: {"path"=>"index_"}
Completed 200 OK in 1ms (Views: 0.1ms | ActiveRecord: 0.0ms | Allocations: 940)


Started GET "/" for ::1 at 2022-12-10 10:26:44 +0100
Processing by RoversController#index as HTML
  Rendering layout layouts/application.html.haml
  Rendering rovers/index.html.haml within layouts/application
  [1m[35m (0.1ms)[0m  [1m[34mSELECT sqlite_version(*)[0m
  ↳ app/views/rovers/index.html.haml:14
  [1m[36mRover Load (0.4ms)[0m  [1m[34mSELECT "rovers".* FROM "rovers"[0m
  ↳ app/views/rovers/index.html.haml:14
  Rendered rovers/index.html.haml within layouts/application (Duration: 19.2ms | Allocations: 10516)
[Webpacker] Everything's up-to-date. Nothing to do
  Rendered layout layouts/application.html.haml (Duration: 70.1ms | Allocations: 17082)
Completed 200 OK in 84ms (Views: 76.9ms | ActiveRecord: 1.5ms | Allocations: 18804)


Started GET "/" for ::1 at 2022-12-10 10:26:46 +0100
Processing by RoversController#index as HTML
  Rendering layout layouts/application.html.haml
  Rendering rovers/index.html.haml within layouts/application
  [1m[36mRover Load (0.2ms)[0m  [1m[34mSELECT "rovers".* FROM "rovers"[0m
  ↳ app/views/rovers/index.html.haml:14
  Rendered rovers/index.html.haml within layouts/application (Duration: 5.6ms | Allocations: 1271)
[Webpacker] Everything's up-to-date. Nothing to do
  Rendered layout layouts/application.html.haml (Duration: 85.9ms | Allocations: 4880)
Completed 200 OK in 88ms (Views: 87.1ms | ActiveRecord: 0.2ms | Allocations: 5341)


Started GET "/rovers/new" for ::1 at 2022-12-10 10:26:49 +0100
Processing by RoversController#new as HTML
  Rendering layout layouts/application.html.haml
  Rendering rovers/new.html.haml within layouts/application
  Rendered rovers/_form.html.haml (Duration: 52.3ms | Allocations: 7978)
  Rendered rovers/new.html.haml within layouts/application (Duration: 57.5ms | Allocations: 9792)
[Webpacker] Everything's up-to-date. Nothing to do
  Rendered layout layouts/application.html.haml (Duration: 126.0ms | Allocations: 13281)
Completed 200 OK in 131ms (Views: 127.8ms | ActiveRecord: 0.0ms | Allocations: 13947)


Started GET "/api/v1/rovers" for ::1 at 2022-12-10 10:27:12 +0100
Processing by Api::V1::RoversController#index as HTML
  [1m[36mRover Load (0.3ms)[0m  [1m[34mSELECT "rovers".* FROM "rovers"[0m
  ↳ app/controllers/api/v1/rovers_controller.rb:5:in `index'
Completed 200 OK in 16ms (Views: 14.9ms | ActiveRecord: 0.3ms | Allocations: 1625)


Started GET "/api/v1/rovers" for ::1 at 2022-12-10 11:05:19 +0100
Processing by Api::V1::RoversController#index as HTML
  [1m[35m (0.1ms)[0m  [1m[34mSELECT sqlite_version(*)[0m
  ↳ app/controllers/api/v1/rovers_controller.rb:5:in `index'
  [1m[36mRover Load (0.3ms)[0m  [1m[34mSELECT "rovers".* FROM "rovers"[0m
  ↳ app/controllers/api/v1/rovers_controller.rb:5:in `index'
Completed 200 OK in 11ms (Views: 10.5ms | ActiveRecord: 0.8ms | Allocations: 2236)


Started GET "/rovers" for ::1 at 2022-12-10 12:05:38 +0100
Processing by RoversController#index as HTML
  Rendering layout layouts/application.html.haml
  Rendering rovers/index.html.haml within layouts/application
  [1m[35m (0.1ms)[0m  [1m[34mSELECT sqlite_version(*)[0m
  ↳ app/views/rovers/index.html.haml:14
  [1m[36mRover Load (0.4ms)[0m  [1m[34mSELECT "rovers".* FROM "rovers"[0m
  ↳ app/views/rovers/index.html.haml:14
  Rendered rovers/index.html.haml within layouts/application (Duration: 15.8ms | Allocations: 5834)
[Webpacker] Everything's up-to-date. Nothing to do
  Rendered layout layouts/application.html.haml (Duration: 92.4ms | Allocations: 9422)
Completed 200 OK in 105ms (Views: 94.9ms | ActiveRecord: 0.8ms | Allocations: 10526)


Started GET "/rovers" for ::1 at 2022-12-10 12:10:01 +0100
Processing by RoversController#index as HTML
  Rendering layout layouts/application.html.haml
  Rendering rovers/index.html.haml within layouts/application
  [1m[35m (0.1ms)[0m  [1m[34mSELECT sqlite_version(*)[0m
  ↳ app/views/rovers/index.html.haml:14
  [1m[36mRover Load (0.2ms)[0m  [1m[34mSELECT "rovers".* FROM "rovers"[0m
  ↳ app/views/rovers/index.html.haml:14
  Rendered rovers/index.html.haml within layouts/application (Duration: 13.0ms | Allocations: 6284)
[Webpacker] Everything's up-to-date. Nothing to do
  Rendered layout layouts/application.html.haml (Duration: 85.0ms | Allocations: 9872)
Completed 200 OK in 93ms (Views: 87.0ms | ActiveRecord: 1.4ms | Allocations: 11008)


Started GET "/api/v1/rovers" for ::1 at 2022-12-10 13:59:38 +0100
Processing by Api::V1::RoversController#index as */*
  [1m[35m (0.1ms)[0m  [1m[34mSELECT sqlite_version(*)[0m
  ↳ app/controllers/api/v1/rovers_controller.rb:5:in `index'
  [1m[36mRover Load (0.2ms)[0m  [1m[34mSELECT "rovers".* FROM "rovers"[0m
  ↳ app/controllers/api/v1/rovers_controller.rb:5:in `index'
Completed 200 OK in 23ms (Views: 14.0ms | ActiveRecord: 0.6ms | Allocations: 6339)


Started GET "/api/v1/rovers" for ::1 at 2022-12-10 14:05:28 +0100
Processing by Api::V1::RoversController#index as */*
  [1m[36mRover Load (0.2ms)[0m  [1m[34mSELECT "rovers".* FROM "rovers"[0m
  ↳ app/controllers/api/v1/rovers_controller.rb:5:in `index'
Completed 200 OK in 6ms (Views: 4.8ms | ActiveRecord: 0.2ms | Allocations: 1397)


Started GET "/api/v1/rovers" for ::1 at 2022-12-10 14:06:16 +0100
Processing by Api::V1::RoversController#index as */*
  [1m[36mRover Load (0.3ms)[0m  [1m[34mSELECT "rovers".* FROM "rovers"[0m
  ↳ app/controllers/api/v1/rovers_controller.rb:5:in `index'
Completed 200 OK in 5ms (Views: 4.3ms | ActiveRecord: 0.3ms | Allocations: 1397)


Started GET "/api/v1/rovers" for ::1 at 2022-12-10 14:06:57 +0100
Processing by Api::V1::RoversController#index as HTML
  [1m[36mRover Load (0.2ms)[0m  [1m[34mSELECT "rovers".* FROM "rovers"[0m
  ↳ app/controllers/api/v1/rovers_controller.rb:5:in `index'
Completed 200 OK in 4ms (Views: 3.5ms | ActiveRecord: 0.2ms | Allocations: 1445)


Started GET "/api/v1/rovers" for ::1 at 2022-12-10 14:06:58 +0100
Processing by Api::V1::RoversController#index as HTML
  [1m[36mRover Load (0.2ms)[0m  [1m[34mSELECT "rovers".* FROM "rovers"[0m
  ↳ app/controllers/api/v1/rovers_controller.rb:5:in `index'
Completed 200 OK in 7ms (Views: 5.7ms | ActiveRecord: 0.2ms | Allocations: 1445)


Started GET "/api/v1/rovers" for ::1 at 2022-12-10 14:16:05 +0100
Processing by Api::V1::RoversController#index as */*
  [1m[35m (0.1ms)[0m  [1m[34mSELECT sqlite_version(*)[0m
  ↳ app/controllers/api/v1/rovers_controller.rb:5:in `index'
  [1m[36mRover Load (0.3ms)[0m  [1m[34mSELECT "rovers".* FROM "rovers"[0m
  ↳ app/controllers/api/v1/rovers_controller.rb:5:in `index'
Completed 200 OK in 10ms (Views: 9.4ms | ActiveRecord: 0.7ms | Allocations: 2176)


Started GET "/api/v1/rovers" for ::1 at 2022-12-10 14:16:44 +0100
Processing by Api::V1::RoversController#index as */*
  [1m[36mRover Load (0.2ms)[0m  [1m[34mSELECT "rovers".* FROM "rovers"[0m
  ↳ app/controllers/api/v1/rovers_controller.rb:5:in `index'
Completed 200 OK in 36ms (Views: 22.7ms | ActiveRecord: 0.2ms | Allocations: 1397)


Started GET "/api/v1/rovers" for ::1 at 2022-12-10 14:22:11 +0100
Processing by Api::V1::RoversController#index as */*
  [1m[36mRover Load (0.3ms)[0m  [1m[34mSELECT "rovers".* FROM "rovers"[0m
  ↳ app/controllers/api/v1/rovers_controller.rb:5:in `index'
Completed 200 OK in 7ms (Views: 6.0ms | ActiveRecord: 0.3ms | Allocations: 1397)


Started GET "/api/v1/rovers" for ::1 at 2022-12-10 14:23:58 +0100
Processing by Api::V1::RoversController#index as */*
  [1m[36mRover Load (0.2ms)[0m  [1m[34mSELECT "rovers".* FROM "rovers"[0m
  ↳ app/controllers/api/v1/rovers_controller.rb:5:in `index'
Completed 200 OK in 5ms (Views: 4.5ms | ActiveRecord: 0.2ms | Allocations: 1397)


Started GET "/api/v1/rovers" for ::1 at 2022-12-10 14:25:08 +0100
Processing by Api::V1::RoversController#index as */*
  [1m[36mRover Load (0.3ms)[0m  [1m[34mSELECT "rovers".* FROM "rovers"[0m
  ↳ app/controllers/api/v1/rovers_controller.rb:5:in `index'
Completed 200 OK in 6ms (Views: 4.9ms | ActiveRecord: 0.3ms | Allocations: 1397)


Started GET "/api/v1/rovers" for ::1 at 2022-12-10 14:26:03 +0100
Processing by Api::V1::RoversController#index as */*
  [1m[36mRover Load (0.3ms)[0m  [1m[34mSELECT "rovers".* FROM "rovers"[0m
  ↳ app/controllers/api/v1/rovers_controller.rb:5:in `index'
Completed 200 OK in 6ms (Views: 5.3ms | ActiveRecord: 0.3ms | Allocations: 1397)


Started GET "/api/v1/rovers" for ::1 at 2022-12-10 14:28:42 +0100
Processing by Api::V1::RoversController#index as */*
  [1m[36mRover Load (0.2ms)[0m  [1m[34mSELECT "rovers".* FROM "rovers"[0m
  ↳ app/controllers/api/v1/rovers_controller.rb:5:in `index'
Completed 200 OK in 5ms (Views: 4.1ms | ActiveRecord: 0.2ms | Allocations: 1397)


Started GET "/api/v1/rovers" for ::1 at 2022-12-10 14:33:38 +0100
Processing by Api::V1::RoversController#index as */*
  [1m[36mRover Load (0.2ms)[0m  [1m[34mSELECT "rovers".* FROM "rovers"[0m
  ↳ app/controllers/api/v1/rovers_controller.rb:5:in `index'
Completed 200 OK in 7ms (Views: 6.0ms | ActiveRecord: 0.2ms | Allocations: 1397)


Started GET "/api/v1/rovers" for ::1 at 2022-12-10 14:34:05 +0100
Processing by Api::V1::RoversController#index as */*
  [1m[36mRover Load (0.3ms)[0m  [1m[34mSELECT "rovers".* FROM "rovers"[0m
  ↳ app/controllers/api/v1/rovers_controller.rb:5:in `index'
Completed 200 OK in 6ms (Views: 5.1ms | ActiveRecord: 0.3ms | Allocations: 1397)


Started GET "/api/v1/rovers" for ::1 at 2022-12-10 14:34:25 +0100
Processing by Api::V1::RoversController#index as */*
  [1m[36mRover Load (0.3ms)[0m  [1m[34mSELECT "rovers".* FROM "rovers"[0m
  ↳ app/controllers/api/v1/rovers_controller.rb:5:in `index'
Completed 200 OK in 6ms (Views: 5.3ms | ActiveRecord: 0.3ms | Allocations: 1397)


Started GET "/api/v1/rovers" for ::1 at 2022-12-10 15:54:41 +0100
  [1m[35m (3.7ms)[0m  [1m[34mSELECT sqlite_version(*)[0m
  [1m[35m (0.2ms)[0m  [1m[34mSELECT "schema_migrations"."version" FROM "schema_migrations" ORDER BY "schema_migrations"."version" ASC[0m
Processing by Api::V1::RoversController#index as HTML
  [1m[36mRover Load (0.3ms)[0m  [1m[34mSELECT "rovers".* FROM "rovers"[0m
  ↳ app/controllers/api/v1/rovers_controller.rb:5:in `index'
Completed 200 OK in 35ms (Views: 9.1ms | ActiveRecord: 1.7ms | Allocations: 8212)


Started GET "/api/v1/rovers" for ::1 at 2022-12-10 16:26:23 +0100
Processing by Api::V1::RoversController#index as */*
  [1m[35m (0.1ms)[0m  [1m[34mSELECT sqlite_version(*)[0m
  ↳ app/controllers/api/v1/rovers_controller.rb:5:in `index'
  [1m[36mRover Load (0.2ms)[0m  [1m[34mSELECT "rovers".* FROM "rovers"[0m
  ↳ app/controllers/api/v1/rovers_controller.rb:5:in `index'
Completed 200 OK in 11ms (Views: 10.2ms | ActiveRecord: 0.6ms | Allocations: 2203)


Started GET "/api/v1/rovers" for ::1 at 2022-12-10 16:28:20 +0100
Processing by Api::V1::RoversController#index as */*
  [1m[36mRover Load (0.2ms)[0m  [1m[34mSELECT "rovers".* FROM "rovers"[0m
  ↳ app/controllers/api/v1/rovers_controller.rb:5:in `index'
Completed 200 OK in 6ms (Views: 4.8ms | ActiveRecord: 0.2ms | Allocations: 1411)


Started GET "/api/v1/rovers" for ::1 at 2022-12-10 16:41:03 +0100
Processing by Api::V1::RoversController#index as */*
  [1m[35m (0.1ms)[0m  [1m[34mSELECT sqlite_version(*)[0m
  ↳ app/controllers/api/v1/rovers_controller.rb:5:in `index'
  [1m[36mRover Load (0.3ms)[0m  [1m[34mSELECT "rovers".* FROM "rovers"[0m
  ↳ app/controllers/api/v1/rovers_controller.rb:5:in `index'
Completed 200 OK in 9ms (Views: 8.5ms | ActiveRecord: 0.6ms | Allocations: 2190)


Started GET "/api/v1/rovers" for ::1 at 2022-12-10 16:43:40 +0100
Processing by Api::V1::RoversController#index as */*
  [1m[36mRover Load (0.2ms)[0m  [1m[34mSELECT "rovers".* FROM "rovers"[0m
  ↳ app/controllers/api/v1/rovers_controller.rb:5:in `index'
Completed 200 OK in 5ms (Views: 4.2ms | ActiveRecord: 0.2ms | Allocations: 1410)


Started GET "/api/v1/rovers" for ::1 at 2022-12-10 16:46:08 +0100
Processing by Api::V1::RoversController#index as */*
  [1m[36mRover Load (0.2ms)[0m  [1m[34mSELECT "rovers".* FROM "rovers"[0m
  ↳ app/controllers/api/v1/rovers_controller.rb:5:in `index'
Completed 200 OK in 5ms (Views: 4.6ms | ActiveRecord: 0.2ms | Allocations: 1397)


Started GET "/api/v1/rovers" for ::1 at 2022-12-10 16:47:11 +0100
Processing by Api::V1::RoversController#index as */*
  [1m[36mRover Load (0.2ms)[0m  [1m[34mSELECT "rovers".* FROM "rovers"[0m
  ↳ app/controllers/api/v1/rovers_controller.rb:5:in `index'
Completed 200 OK in 5ms (Views: 4.3ms | ActiveRecord: 0.2ms | Allocations: 1397)


Started GET "/api/v1/rovers" for ::1 at 2022-12-10 16:47:19 +0100
Processing by Api::V1::RoversController#index as */*
  [1m[36mRover Load (0.3ms)[0m  [1m[34mSELECT "rovers".* FROM "rovers"[0m
  ↳ app/controllers/api/v1/rovers_controller.rb:5:in `index'
Completed 200 OK in 5ms (Views: 4.7ms | ActiveRecord: 0.3ms | Allocations: 1397)


Started GET "/api/v1/rovers" for ::1 at 2022-12-10 16:50:29 +0100
Processing by Api::V1::RoversController#index as */*
  [1m[36mRover Load (0.2ms)[0m  [1m[34mSELECT "rovers".* FROM "rovers"[0m
  ↳ app/controllers/api/v1/rovers_controller.rb:5:in `index'
Completed 200 OK in 5ms (Views: 4.5ms | ActiveRecord: 0.2ms | Allocations: 1397)


Started GET "/api/v1/rovers" for ::1 at 2022-12-10 16:52:41 +0100
Processing by Api::V1::RoversController#index as */*
  [1m[36mRover Load (0.2ms)[0m  [1m[34mSELECT "rovers".* FROM "rovers"[0m
  ↳ app/controllers/api/v1/rovers_controller.rb:5:in `index'
Completed 200 OK in 5ms (Views: 4.5ms | ActiveRecord: 0.2ms | Allocations: 1397)


Started GET "/api/v1/rovers" for ::1 at 2022-12-10 16:55:00 +0100
Processing by Api::V1::RoversController#index as */*
  [1m[36mRover Load (0.2ms)[0m  [1m[34mSELECT "rovers".* FROM "rovers"[0m
  ↳ app/controllers/api/v1/rovers_controller.rb:5:in `index'
Completed 200 OK in 5ms (Views: 4.0ms | ActiveRecord: 0.2ms | Allocations: 1397)


Started GET "/api/v1/rovers" for ::1 at 2022-12-10 16:56:11 +0100
Processing by Api::V1::RoversController#index as */*
  [1m[36mRover Load (0.2ms)[0m  [1m[34mSELECT "rovers".* FROM "rovers"[0m
  ↳ app/controllers/api/v1/rovers_controller.rb:5:in `index'
Completed 200 OK in 5ms (Views: 4.4ms | ActiveRecord: 0.2ms | Allocations: 1397)


Started GET "/api/v1/rovers" for ::1 at 2022-12-10 16:59:03 +0100
Processing by Api::V1::RoversController#index as */*
  [1m[36mRover Load (0.3ms)[0m  [1m[34mSELECT "rovers".* FROM "rovers"[0m
  ↳ app/controllers/api/v1/rovers_controller.rb:5:in `index'
Completed 200 OK in 5ms (Views: 4.4ms | ActiveRecord: 0.3ms | Allocations: 1397)


Started GET "/api/v1/rovers" for ::1 at 2022-12-10 17:10:56 +0100
Processing by Api::V1::RoversController#index as */*
  [1m[35m (0.1ms)[0m  [1m[34mSELECT sqlite_version(*)[0m
  ↳ app/controllers/api/v1/rovers_controller.rb:5:in `index'
  [1m[36mRover Load (0.2ms)[0m  [1m[34mSELECT "rovers".* FROM "rovers"[0m
  ↳ app/controllers/api/v1/rovers_controller.rb:5:in `index'
Completed 200 OK in 9ms (Views: 8.8ms | ActiveRecord: 0.6ms | Allocations: 2176)


Started GET "/api/v1/rovers" for ::1 at 2022-12-10 17:11:14 +0100
Processing by Api::V1::RoversController#index as */*
  [1m[36mRover Load (0.3ms)[0m  [1m[34mSELECT "rovers".* FROM "rovers"[0m
  ↳ app/controllers/api/v1/rovers_controller.rb:5:in `index'
Completed 200 OK in 5ms (Views: 4.2ms | ActiveRecord: 0.3ms | Allocations: 1397)


Started GET "/api/v1/rovers" for ::1 at 2022-12-10 17:12:29 +0100
Processing by Api::V1::RoversController#index as */*
  [1m[36mRover Load (0.3ms)[0m  [1m[34mSELECT "rovers".* FROM "rovers"[0m
  ↳ app/controllers/api/v1/rovers_controller.rb:5:in `index'
Completed 200 OK in 5ms (Views: 4.6ms | ActiveRecord: 0.3ms | Allocations: 1397)


Started GET "/api/v1/rovers" for ::1 at 2022-12-10 17:25:04 +0100
Processing by Api::V1::RoversController#index as */*
  [1m[35m (0.1ms)[0m  [1m[34mSELECT sqlite_version(*)[0m
  ↳ app/controllers/api/v1/rovers_controller.rb:5:in `index'
  [1m[36mRover Load (0.3ms)[0m  [1m[34mSELECT "rovers".* FROM "rovers"[0m
  ↳ app/controllers/api/v1/rovers_controller.rb:5:in `index'
Completed 200 OK in 9ms (Views: 8.8ms | ActiveRecord: 0.7ms | Allocations: 2176)


Started GET "/api/v1/rovers" for ::1 at 2022-12-10 19:02:09 +0100
Processing by Api::V1::RoversController#index as */*
  [1m[35m (0.0ms)[0m  [1m[34mSELECT sqlite_version(*)[0m
  ↳ app/controllers/api/v1/rovers_controller.rb:5:in `index'
  [1m[36mRover Load (0.2ms)[0m  [1m[34mSELECT "rovers".* FROM "rovers"[0m
  ↳ app/controllers/api/v1/rovers_controller.rb:5:in `index'
Completed 200 OK in 9ms (Views: 8.6ms | ActiveRecord: 0.6ms | Allocations: 2177)


Started GET "/api/v1/rovers" for ::1 at 2022-12-10 19:39:55 +0100
Processing by Api::V1::RoversController#index as */*
  [1m[35m (0.1ms)[0m  [1m[34mSELECT sqlite_version(*)[0m
  ↳ app/controllers/api/v1/rovers_controller.rb:5:in `index'
  [1m[36mRover Load (0.2ms)[0m  [1m[34mSELECT "rovers".* FROM "rovers"[0m
  ↳ app/controllers/api/v1/rovers_controller.rb:5:in `index'
Completed 200 OK in 9ms (Views: 8.7ms | ActiveRecord: 0.6ms | Allocations: 2176)


Started GET "/api/v1/rovers" for ::1 at 2022-12-10 19:41:27 +0100
Processing by Api::V1::RoversController#index as */*
  [1m[36mRover Load (0.2ms)[0m  [1m[34mSELECT "rovers".* FROM "rovers"[0m
  ↳ app/controllers/api/v1/rovers_controller.rb:5:in `index'
Completed 200 OK in 5ms (Views: 4.2ms | ActiveRecord: 0.2ms | Allocations: 1397)


Started GET "/api/v1/rovers" for ::1 at 2022-12-10 19:44:49 +0100
Processing by Api::V1::RoversController#index as */*
  [1m[36mRover Load (0.4ms)[0m  [1m[34mSELECT "rovers".* FROM "rovers"[0m
  ↳ app/controllers/api/v1/rovers_controller.rb:5:in `index'
Completed 200 OK in 6ms (Views: 5.7ms | ActiveRecord: 0.4ms | Allocations: 1397)


Started GET "/api/v1/rovers" for ::1 at 2022-12-10 19:56:39 +0100
Processing by Api::V1::RoversController#index as */*
  [1m[35m (0.1ms)[0m  [1m[34mSELECT sqlite_version(*)[0m
  ↳ app/controllers/api/v1/rovers_controller.rb:5:in `index'
  [1m[36mRover Load (0.2ms)[0m  [1m[34mSELECT "rovers".* FROM "rovers"[0m
  ↳ app/controllers/api/v1/rovers_controller.rb:5:in `index'
Completed 200 OK in 9ms (Views: 8.5ms | ActiveRecord: 0.5ms | Allocations: 2176)


Started GET "/api/v1/rovers" for ::1 at 2022-12-10 19:58:17 +0100
Processing by Api::V1::RoversController#index as */*
  [1m[36mRover Load (0.2ms)[0m  [1m[34mSELECT "rovers".* FROM "rovers"[0m
  ↳ app/controllers/api/v1/rovers_controller.rb:5:in `index'
Completed 200 OK in 5ms (Views: 4.8ms | ActiveRecord: 0.2ms | Allocations: 1397)


Started GET "/api/v1/rovers" for ::1 at 2022-12-10 21:20:40 +0100
Processing by Api::V1::RoversController#index as */*
  [1m[35m (0.1ms)[0m  [1m[34mSELECT sqlite_version(*)[0m
  ↳ app/controllers/api/v1/rovers_controller.rb:5:in `index'
  [1m[36mRover Load (0.2ms)[0m  [1m[34mSELECT "rovers".* FROM "rovers"[0m
  ↳ app/controllers/api/v1/rovers_controller.rb:5:in `index'
Completed 200 OK in 10ms (Views: 9.5ms | ActiveRecord: 0.9ms | Allocations: 2177)


Started GET "/api/v1/rovers" for ::1 at 2022-12-10 21:37:53 +0100
Processing by Api::V1::RoversController#index as */*
  [1m[35m (0.1ms)[0m  [1m[34mSELECT sqlite_version(*)[0m
  ↳ app/controllers/api/v1/rovers_controller.rb:5:in `index'
  [1m[36mRover Load (0.2ms)[0m  [1m[34mSELECT "rovers".* FROM "rovers"[0m
  ↳ app/controllers/api/v1/rovers_controller.rb:5:in `index'
Completed 200 OK in 10ms (Views: 9.5ms | ActiveRecord: 0.8ms | Allocations: 2176)


Started GET "/rovers" for ::1 at 2022-12-10 21:39:30 +0100
Processing by RoversController#index as HTML
  Rendering layout layouts/application.html.haml
  Rendering rovers/index.html.haml within layouts/application
  [1m[36mRover Load (0.2ms)[0m  [1m[34mSELECT "rovers".* FROM "rovers"[0m
  ↳ app/views/rovers/index.html.haml:14
  Rendered rovers/index.html.haml within layouts/application (Duration: 14.7ms | Allocations: 7086)
[Webpacker] Everything's up-to-date. Nothing to do
  Rendered layout layouts/application.html.haml (Duration: 219.2ms | Allocations: 16383)
Completed 200 OK in 255ms (Views: 239.8ms | ActiveRecord: 0.2ms | Allocations: 18478)


Started GET "/rovers/new" for ::1 at 2022-12-10 21:39:32 +0100
Processing by RoversController#new as HTML
  Rendering layout layouts/application.html.haml
  Rendering rovers/new.html.haml within layouts/application
  Rendered rovers/_form.html.haml (Duration: 51.4ms | Allocations: 8107)
  Rendered rovers/new.html.haml within layouts/application (Duration: 56.5ms | Allocations: 9946)
[Webpacker] Everything's up-to-date. Nothing to do
  Rendered layout layouts/application.html.haml (Duration: 130.2ms | Allocations: 13435)
Completed 200 OK in 134ms (Views: 131.6ms | ActiveRecord: 0.0ms | Allocations: 14102)


Started POST "/rovers" for ::1 at 2022-12-10 21:39:53 +0100
Processing by RoversController#create as HTML
  Parameters: {"authenticity_token"=>"[FILTERED]", "rover"=>{"puntoPartenzaX"=>"1", "puntoPartenzaY"=>"0", "direzioneN"=>"2", "direzioneS"=>"3", "direzioneE"=>"4", "direzioneW"=>"5"}, "commit"=>"Create Rover"}
  [1m[36mTRANSACTION (0.0ms)[0m  [1m[36mbegin transaction[0m
  ↳ app/controllers/rovers_controller.rb:35:in `block in create'
  [1m[36mRover Create (1.4ms)[0m  [1m[32mINSERT INTO "rovers" ("puntoPartenzaX", "puntoPartenzaY", "direzioneN", "direzioneS", "direzioneE", "direzioneW", "created_at", "updated_at") VALUES (?, ?, ?, ?, ?, ?, ?, ?)[0m  [["puntoPartenzaX", 1.0], ["puntoPartenzaY", 0.0], ["direzioneN", 2.0], ["direzioneS", 3.0], ["direzioneE", 4.0], ["direzioneW", 5.0], ["created_at", "2022-12-10 20:39:53.855849"], ["updated_at", "2022-12-10 20:39:53.855849"]]
  ↳ app/controllers/rovers_controller.rb:35:in `block in create'
  [1m[36mTRANSACTION (12.6ms)[0m  [1m[36mcommit transaction[0m
  ↳ app/controllers/rovers_controller.rb:35:in `block in create'
Redirected to http://localhost:3000/rovers/4
Completed 302 Found in 23ms (ActiveRecord: 14.0ms | Allocations: 3206)


Started GET "/rovers/4" for ::1 at 2022-12-10 21:39:54 +0100
Processing by RoversController#show as HTML
  Parameters: {"id"=>"4"}
  [1m[36mRover Load (0.2ms)[0m  [1m[34mSELECT "rovers".* FROM "rovers" WHERE "rovers"."id" = ? LIMIT ?[0m  [["id", 4], ["LIMIT", 1]]
  ↳ app/controllers/rovers_controller.rb:71:in `set_rover'
  Rendering layout layouts/application.html.haml
  Rendering rovers/show.html.haml within layouts/application
  Rendered rovers/show.html.haml within layouts/application (Duration: 5.4ms | Allocations: 3225)
[Webpacker] Everything's up-to-date. Nothing to do
  Rendered layout layouts/application.html.haml (Duration: 60.7ms | Allocations: 6734)
Completed 200 OK in 72ms (Views: 61.7ms | ActiveRecord: 0.2ms | Allocations: 8440)


Started GET "/api/v1/rovers" for ::1 at 2022-12-10 21:40:05 +0100
Processing by Api::V1::RoversController#index as */*
  [1m[36mRover Load (0.3ms)[0m  [1m[34mSELECT "rovers".* FROM "rovers"[0m
  ↳ app/controllers/api/v1/rovers_controller.rb:5:in `index'
Completed 200 OK in 5ms (Views: 4.6ms | ActiveRecord: 0.3ms | Allocations: 1551)


Started GET "/api/v1/rovers" for ::1 at 2022-12-10 21:59:01 +0100
Processing by Api::V1::RoversController#index as */*
  [1m[35m (0.1ms)[0m  [1m[34mSELECT sqlite_version(*)[0m
  ↳ app/controllers/api/v1/rovers_controller.rb:5:in `index'
  [1m[36mRover Load (0.2ms)[0m  [1m[34mSELECT "rovers".* FROM "rovers"[0m
  ↳ app/controllers/api/v1/rovers_controller.rb:5:in `index'
Completed 200 OK in 9ms (Views: 8.3ms | ActiveRecord: 0.6ms | Allocations: 2330)


Started GET "/api/v1/rovers" for ::1 at 2022-12-10 22:00:44 +0100
Processing by Api::V1::RoversController#index as */*
  [1m[36mRover Load (0.2ms)[0m  [1m[34mSELECT "rovers".* FROM "rovers"[0m
  ↳ app/controllers/api/v1/rovers_controller.rb:5:in `index'
Completed 200 OK in 11ms (Views: 10.2ms | ActiveRecord: 0.2ms | Allocations: 1551)


Started GET "/api/v1/rovers" for ::1 at 2022-12-10 22:01:13 +0100
Processing by Api::V1::RoversController#index as */*
  [1m[36mRover Load (0.3ms)[0m  [1m[34mSELECT "rovers".* FROM "rovers"[0m
  ↳ app/controllers/api/v1/rovers_controller.rb:5:in `index'
Completed 200 OK in 7ms (Views: 4.7ms | ActiveRecord: 0.3ms | Allocations: 1551)


Started GET "/api/v1/rovers" for ::1 at 2022-12-10 22:03:09 +0100
Processing by Api::V1::RoversController#index as */*
  [1m[36mRover Load (0.2ms)[0m  [1m[34mSELECT "rovers".* FROM "rovers"[0m
  ↳ app/controllers/api/v1/rovers_controller.rb:5:in `index'
Completed 200 OK in 5ms (Views: 4.7ms | ActiveRecord: 0.2ms | Allocations: 1551)


Started GET "/api/v1/rovers" for ::1 at 2022-12-10 22:03:14 +0100
Processing by Api::V1::RoversController#index as */*
  [1m[36mRover Load (0.2ms)[0m  [1m[34mSELECT "rovers".* FROM "rovers"[0m
  ↳ app/controllers/api/v1/rovers_controller.rb:5:in `index'
Completed 200 OK in 5ms (Views: 4.0ms | ActiveRecord: 0.2ms | Allocations: 1551)


Started GET "/rovers/" for ::1 at 2022-12-10 22:03:27 +0100
Processing by RoversController#index as HTML
  Rendering layout layouts/application.html.haml
  Rendering rovers/index.html.haml within layouts/application
  [1m[36mRover Load (0.2ms)[0m  [1m[34mSELECT "rovers".* FROM "rovers"[0m
  ↳ app/views/rovers/index.html.haml:14
  Rendered rovers/index.html.haml within layouts/application (Duration: 4.7ms | Allocations: 1018)
[Webpacker] Everything's up-to-date. Nothing to do
  Rendered layout layouts/application.html.haml (Duration: 73.0ms | Allocations: 4636)
Completed 200 OK in 76ms (Views: 74.5ms | ActiveRecord: 0.2ms | Allocations: 5091)


Started GET "/rovers/" for ::1 at 2022-12-10 22:06:40 +0100
Processing by RoversController#index as HTML
  Rendering layout layouts/application.html.haml
  Rendering rovers/index.html.haml within layouts/application
  [1m[36mRover Load (0.3ms)[0m  [1m[34mSELECT "rovers".* FROM "rovers"[0m
  ↳ app/views/rovers/index.html.haml:14
  Rendered rovers/index.html.haml within layouts/application (Duration: 3.3ms | Allocations: 1018)
[Webpacker] Everything's up-to-date. Nothing to do
  Rendered layout layouts/application.html.haml (Duration: 70.3ms | Allocations: 4624)
Completed 200 OK in 74ms (Views: 72.0ms | ActiveRecord: 0.3ms | Allocations: 5077)


Started GET "/api/v1/rovers" for ::1 at 2022-12-10 22:06:51 +0100
Processing by Api::V1::RoversController#index as */*
  [1m[36mRover Load (0.2ms)[0m  [1m[34mSELECT "rovers".* FROM "rovers"[0m
  ↳ app/controllers/api/v1/rovers_controller.rb:5:in `index'
Completed 200 OK in 5ms (Views: 4.5ms | ActiveRecord: 0.2ms | Allocations: 1551)


Started GET "/api/v1/rovers" for ::1 at 2022-12-10 22:07:33 +0100
Processing by Api::V1::RoversController#index as */*
  [1m[36mRover Load (0.2ms)[0m  [1m[34mSELECT "rovers".* FROM "rovers"[0m
  ↳ app/controllers/api/v1/rovers_controller.rb:5:in `index'
Completed 200 OK in 5ms (Views: 4.5ms | ActiveRecord: 0.2ms | Allocations: 1551)


Started GET "/api/v1/rovers" for ::1 at 2022-12-10 22:27:06 +0100
Processing by Api::V1::RoversController#index as */*
  [1m[35m (0.1ms)[0m  [1m[34mSELECT sqlite_version(*)[0m
  ↳ app/controllers/api/v1/rovers_controller.rb:5:in `index'
  [1m[36mRover Load (0.2ms)[0m  [1m[34mSELECT "rovers".* FROM "rovers"[0m
  ↳ app/controllers/api/v1/rovers_controller.rb:5:in `index'
Completed 200 OK in 9ms (Views: 8.4ms | ActiveRecord: 0.6ms | Allocations: 2330)


Started GET "/api/v1/rovers" for ::1 at 2022-12-10 22:34:04 +0100
Processing by Api::V1::RoversController#index as */*
  [1m[35m (0.0ms)[0m  [1m[34mSELECT sqlite_version(*)[0m
  ↳ app/controllers/api/v1/rovers_controller.rb:5:in `index'
  [1m[36mRover Load (0.3ms)[0m  [1m[34mSELECT "rovers".* FROM "rovers"[0m
  ↳ app/controllers/api/v1/rovers_controller.rb:5:in `index'
Completed 200 OK in 10ms (Views: 9.5ms | ActiveRecord: 0.6ms | Allocations: 2330)


Started GET "/api/v1/rovers" for ::1 at 2022-12-10 22:34:07 +0100
Processing by Api::V1::RoversController#index as */*
  [1m[36mRover Load (0.3ms)[0m  [1m[34mSELECT "rovers".* FROM "rovers"[0m
  ↳ app/controllers/api/v1/rovers_controller.rb:5:in `index'
Completed 200 OK in 6ms (Views: 5.0ms | ActiveRecord: 0.3ms | Allocations: 1551)


Started GET "/api/v1/rovers" for ::1 at 2022-12-10 23:12:25 +0100
Processing by Api::V1::RoversController#index as */*
  [1m[35m (0.0ms)[0m  [1m[34mSELECT sqlite_version(*)[0m
  ↳ app/controllers/api/v1/rovers_controller.rb:5:in `index'
  [1m[36mRover Load (0.2ms)[0m  [1m[34mSELECT "rovers".* FROM "rovers"[0m
  ↳ app/controllers/api/v1/rovers_controller.rb:5:in `index'
Completed 200 OK in 11ms (Views: 10.3ms | ActiveRecord: 0.6ms | Allocations: 2330)


Started GET "/api/v1/rovers" for ::1 at 2022-12-10 23:13:14 +0100
Processing by Api::V1::RoversController#index as */*
  [1m[36mRover Load (0.3ms)[0m  [1m[34mSELECT "rovers".* FROM "rovers"[0m
  ↳ app/controllers/api/v1/rovers_controller.rb:5:in `index'
Completed 200 OK in 6ms (Views: 5.4ms | ActiveRecord: 0.3ms | Allocations: 1551)


Started GET "/api/v1/rovers" for ::1 at 2022-12-11 17:26:24 +0100
  [1m[35m (4.7ms)[0m  [1m[34mSELECT sqlite_version(*)[0m
  [1m[35m (0.2ms)[0m  [1m[34mSELECT "schema_migrations"."version" FROM "schema_migrations" ORDER BY "schema_migrations"."version" ASC[0m
Processing by Api::V1::RoversController#index as HTML
  [1m[36mRover Load (0.2ms)[0m  [1m[34mSELECT "rovers".* FROM "rovers"[0m
  ↳ app/controllers/api/v1/rovers_controller.rb:5:in `index'
Completed 200 OK in 37ms (Views: 11.0ms | ActiveRecord: 0.9ms | Allocations: 8268)


